[2017-07-05 13:46:52,551] ERROR Securitisation.Utilities.Common.Log4NetLogService - Run task for 1ee1b9ea-0d8f-44c2-b25a-b24a0c8dbb61 failed
System.Reflection.TargetInvocationException: Exception has been thrown by the target of an invocation. ---> System.Data.SqlClient.SqlException: Cannot insert the value NULL into column 'TransactionDate', table 'TrustManagement.TrustManagement.TrustTransactionInput'; column does not allow nulls. INSERT fails.
Cannot insert the value NULL into column 'TransactionDate', table 'TrustManagement.TrustManagement.TrustTransactionInput'; column does not allow nulls. INSERT fails.
Cannot insert the value NULL into column 'TransactionDate', table 'TrustManagement.TrustManagement.TrustTransactionInput'; column does not allow nulls. INSERT fails.
Cannot insert the value NULL into column 'TransactionDate', table 'TrustManagement.TrustManagement.TrustTransactionInput'; column does not allow nulls. INSERT fails.
Cannot insert the value NULL into column 'TransactionDate', table 'TrustManagement.TrustManagement.TrustTransactionInput'; column does not allow nulls. INSERT fails.
Cannot insert the value NULL into column 'TransactionDate', table 'TrustManagement.TrustManagement.TrustTransactionInput'; column does not allow nulls. INSERT fails.
Cannot insert the value NULL into column 'TransactionDate', table 'TrustManagement.TrustManagement.TrustTransactionInput'; column does not allow nulls. INSERT fails.
Cannot insert the value NULL into column 'TransactionDate', table 'TrustManagement.TrustManagement.TrustTransactionInput'; column does not allow nulls. INSERT fails.
Cannot insert the value NULL into column 'StartDate', table 'TrustManagement.Asset.AssetPaymentImutation'; column does not allow nulls. INSERT fails.
The statement has been terminated.
The statement has been terminated.
The statement has been terminated.
The statement has been terminated.
The statement has been terminated.
The statement has been terminated.
The statement has been terminated.
The statement has been terminated.
The statement has been terminated.
   at BL.TaskProcessService.OperationProvider.RunSP(ITaskAction action)
   --- End of inner exception stack trace ---
   at BL.TaskEngine.TaskEngine.RunProcessesByTask()
   at TaskProcessEngine.TaskProcessService.RunTask(Guid sessionId, String applicationDomain) in e:\Dev\SFM\Products\TaskProcessEngine\TaskProcessEngine\TaskProcessService.svc.cs:line 63
[2017-07-05 14:07:14,845] ERROR Securitisation.Utilities.Common.Log4NetLogService - Create session failed
System.NullReferenceException: Object reference not set to an instance of an object.
   at BL.TaskProcessService.Utilities.DADPHelper.CreateSessionFromXml(XElement sessionXml)
   at TaskProcessEngine.SessionManagementService.CreateSessionByTaskCode(String applicationDomain, String sessionVariable, String taskCode) in e:\Dev\SFM\Products\TaskProcessEngine\TaskProcessEngine\SessionManagementService.svc.cs:line 83
[2017-07-05 14:09:15,270] ERROR Securitisation.Utilities.Common.Log4NetLogService - Run task for cbb5de6b-04f0-410f-b2fc-9074732cfeef failed
System.Reflection.TargetInvocationException: Exception has been thrown by the target of an invocation. ---> System.Reflection.TargetInvocationException: Exception has been thrown by the target of an invocation. ---> System.Data.OleDb.OleDbException: The Microsoft Access database engine could not find the object 'E:\????\??????????\??????(20161031).xlsx'. Make sure the object exists and that you spell its name and the path name correctly. If 'E:\????\??????????\??????(20161031).xlsx' is not a local object, check your network connection or contact the server administrator.
   at System.Data.OleDb.OleDbConnectionInternal..ctor(OleDbConnectionString constr, OleDbConnection connection)
   at System.Data.OleDb.OleDbConnectionFactory.CreateConnection(DbConnectionOptions options, DbConnectionPoolKey poolKey, Object poolGroupProviderInfo, DbConnectionPool pool, DbConnection owningObject)
   at System.Data.ProviderBase.DbConnectionFactory.CreateNonPooledConnection(DbConnection owningConnection, DbConnectionPoolGroup poolGroup, DbConnectionOptions userOptions)
   at System.Data.ProviderBase.DbConnectionFactory.TryGetConnection(DbConnection owningConnection, TaskCompletionSource`1 retry, DbConnectionOptions userOptions, DbConnectionInternal oldConnection, DbConnectionInternal& connection)
   at System.Data.ProviderBase.DbConnectionInternal.TryOpenConnectionInternal(DbConnection outerConnection, DbConnectionFactory connectionFactory, TaskCompletionSource`1 retry, DbConnectionOptions userOptions)
   at System.Data.ProviderBase.DbConnectionInternal.OpenConnection(DbConnection outerConnection, DbConnectionFactory connectionFactory)
   at System.Data.OleDb.OleDbConnection.Open()
   at System.Data.Common.DbDataAdapter.FillSchemaInternal(DataSet dataset, DataTable datatable, SchemaType schemaType, IDbCommand command, String srcTable, CommandBehavior behavior)
   at System.Data.Common.DbDataAdapter.FillSchema(DataSet dataSet, SchemaType schemaType, IDbCommand command, String srcTable, CommandBehavior behavior)
   at System.Data.Common.DbDataAdapter.FillSchema(DataSet dataSet, SchemaType schemaType)
   at VerifyPaymentFile.Verify.verifyPaymentFile(String excelFilePath)
   --- End of inner exception stack trace ---
   at BL.TaskProcessService.OperationProvider.RunManagedMethod(ITaskAction action)
   --- End of inner exception stack trace ---
   at BL.TaskEngine.TaskEngine.RunProcessesByTask()
   at TaskProcessEngine.TaskProcessService.RunTask(Guid sessionId, String applicationDomain) in e:\Dev\SFM\Products\TaskProcessEngine\TaskProcessEngine\TaskProcessService.svc.cs:line 63
[2017-07-05 14:11:54,355] ERROR Securitisation.Utilities.Common.Log4NetLogService - Run task for b603ba8f-eee7-4557-b3e0-d6d70067acd1 failed
System.Reflection.TargetInvocationException: Exception has been thrown by the target of an invocation. ---> System.Data.SqlClient.SqlException: Cannot insert the value NULL into column 'TransactionDate', table 'TrustManagement.TrustManagement.TrustTransactionInput'; column does not allow nulls. INSERT fails.
Cannot insert the value NULL into column 'TransactionDate', table 'TrustManagement.TrustManagement.TrustTransactionInput'; column does not allow nulls. INSERT fails.
Cannot insert the value NULL into column 'TransactionDate', table 'TrustManagement.TrustManagement.TrustTransactionInput'; column does not allow nulls. INSERT fails.
Cannot insert the value NULL into column 'TransactionDate', table 'TrustManagement.TrustManagement.TrustTransactionInput'; column does not allow nulls. INSERT fails.
Cannot insert the value NULL into column 'TransactionDate', table 'TrustManagement.TrustManagement.TrustTransactionInput'; column does not allow nulls. INSERT fails.
Cannot insert the value NULL into column 'TransactionDate', table 'TrustManagement.TrustManagement.TrustTransactionInput'; column does not allow nulls. INSERT fails.
Cannot insert the value NULL into column 'TransactionDate', table 'TrustManagement.TrustManagement.TrustTransactionInput'; column does not allow nulls. INSERT fails.
Cannot insert the value NULL into column 'TransactionDate', table 'TrustManagement.TrustManagement.TrustTransactionInput'; column does not allow nulls. INSERT fails.
Cannot insert the value NULL into column 'StartDate', table 'TrustManagement.Asset.AssetPaymentImutation'; column does not allow nulls. INSERT fails.
The statement has been terminated.
The statement has been terminated.
The statement has been terminated.
The statement has been terminated.
The statement has been terminated.
The statement has been terminated.
The statement has been terminated.
The statement has been terminated.
The statement has been terminated.
   at BL.TaskProcessService.OperationProvider.RunSP(ITaskAction action)
   --- End of inner exception stack trace ---
   at BL.TaskEngine.TaskEngine.RunProcessesByTask()
   at TaskProcessEngine.TaskProcessService.RunTask(Guid sessionId, String applicationDomain) in e:\Dev\SFM\Products\TaskProcessEngine\TaskProcessEngine\TaskProcessService.svc.cs:line 63
[2017-07-05 14:12:55,480] ERROR Securitisation.Utilities.Common.Log4NetLogService - Run task for 1e20a471-2697-478c-9696-cab09862fd6e failed
System.Reflection.TargetInvocationException: Exception has been thrown by the target of an invocation. ---> System.Exception: Source=Data Flow Task; Error Code=-1071636471; Error Description=SSIS Error Code DTS_E_OLEDBERROR.  An OLE DB error has occurred. Error code: 0x80004005.
An OLE DB record is available.  Source: "Microsoft SQL Server Native Client 10.0"  Hresult: 0x80004005  Description: "The statement has been terminated.".
An OLE DB record is available.  Source: "Microsoft SQL Server Native Client 10.0"  Hresult: 0x80004005  Description: "Violation of PRIMARY KEY constraint 'PK_AssetPayment'. Cannot insert duplicate key in object 'Asset.AssetPayment'. The duplicate key value is (63, 110532002238, 2017-07-04).".

Source=Data Flow Task; Error Code=-1071607767; Error Description=SSIS Error Code DTS_E_INDUCEDTRANSFORMFAILUREONERROR.  The "OLE DB Destination.Inputs[OLE DB Destination Input]" failed because error code 0xC020907B occurred, and the error row disposition on "OLE DB Destination.Inputs[OLE DB Destination Input]" specifies failure on error. An error occurred on the specified object of the specified component.  There may be error messages posted before this with more information about the failure.

Source=Data Flow Task; Error Code=-1073450974; Error Description=SSIS Error Code DTS_E_PROCESSINPUTFAILED.  The ProcessInput method on component "OLE DB Destination" (195) failed with error code 0xC0209029 while processing input "OLE DB Destination Input" (208). The identified component returned an error from the ProcessInput method. The error is specific to the component, but the error is fatal and will cause the Data Flow task to stop running.  There may be error messages posted before this with more information about the failure.


   at BL.TaskProcessService.OperationProvider.RunSSIS(ITaskAction action)
   --- End of inner exception stack trace ---
   at BL.TaskEngine.TaskEngine.RunProcessesByTask()
   at TaskProcessEngine.TaskProcessService.RunTask(Guid sessionId, String applicationDomain) in e:\Dev\SFM\Products\TaskProcessEngine\TaskProcessEngine\TaskProcessService.svc.cs:line 63
[2017-07-05 14:17:45,656] ERROR Securitisation.Utilities.Common.Log4NetLogService - Run task for ae687b8c-8393-4020-8cc4-87f8c35f3918 failed
System.Reflection.TargetInvocationException: Exception has been thrown by the target of an invocation. ---> System.Exception: Source=Data Flow Task; Error Code=-1071636471; Error Description=SSIS Error Code DTS_E_OLEDBERROR.  An OLE DB error has occurred. Error code: 0x80004005.
An OLE DB record is available.  Source: "Microsoft SQL Server Native Client 10.0"  Hresult: 0x80004005  Description: "The statement has been terminated.".
An OLE DB record is available.  Source: "Microsoft SQL Server Native Client 10.0"  Hresult: 0x80004005  Description: "Violation of PRIMARY KEY constraint 'PK_AssetPayment'. Cannot insert duplicate key in object 'Asset.AssetPayment'. The duplicate key value is (63, 110532002238, 2017-07-04).".

Source=Data Flow Task; Error Code=-1071607767; Error Description=SSIS Error Code DTS_E_INDUCEDTRANSFORMFAILUREONERROR.  The "OLE DB Destination.Inputs[OLE DB Destination Input]" failed because error code 0xC020907B occurred, and the error row disposition on "OLE DB Destination.Inputs[OLE DB Destination Input]" specifies failure on error. An error occurred on the specified object of the specified component.  There may be error messages posted before this with more information about the failure.

Source=Data Flow Task; Error Code=-1073450974; Error Description=SSIS Error Code DTS_E_PROCESSINPUTFAILED.  The ProcessInput method on component "OLE DB Destination" (195) failed with error code 0xC0209029 while processing input "OLE DB Destination Input" (208). The identified component returned an error from the ProcessInput method. The error is specific to the component, but the error is fatal and will cause the Data Flow task to stop running.  There may be error messages posted before this with more information about the failure.


   at BL.TaskProcessService.OperationProvider.RunSSIS(ITaskAction action)
   --- End of inner exception stack trace ---
   at BL.TaskEngine.TaskEngine.RunProcessesByTask()
   at TaskProcessEngine.TaskProcessService.RunTask(Guid sessionId, String applicationDomain) in e:\Dev\SFM\Products\TaskProcessEngine\TaskProcessEngine\TaskProcessService.svc.cs:line 63
[2017-07-05 14:20:09,376] ERROR Securitisation.Utilities.Common.Log4NetLogService - Run task for 0d3f396f-f01a-4549-9bc0-78c683bff916 failed
System.Reflection.TargetInvocationException: Exception has been thrown by the target of an invocation. ---> System.Data.SqlClient.SqlException: Cannot insert the value NULL into column 'TransactionDate', table 'TrustManagement.TrustManagement.TrustTransactionInput'; column does not allow nulls. INSERT fails.
Cannot insert the value NULL into column 'TransactionDate', table 'TrustManagement.TrustManagement.TrustTransactionInput'; column does not allow nulls. INSERT fails.
Cannot insert the value NULL into column 'TransactionDate', table 'TrustManagement.TrustManagement.TrustTransactionInput'; column does not allow nulls. INSERT fails.
Cannot insert the value NULL into column 'TransactionDate', table 'TrustManagement.TrustManagement.TrustTransactionInput'; column does not allow nulls. INSERT fails.
Cannot insert the value NULL into column 'TransactionDate', table 'TrustManagement.TrustManagement.TrustTransactionInput'; column does not allow nulls. INSERT fails.
Cannot insert the value NULL into column 'TransactionDate', table 'TrustManagement.TrustManagement.TrustTransactionInput'; column does not allow nulls. INSERT fails.
Cannot insert the value NULL into column 'TransactionDate', table 'TrustManagement.TrustManagement.TrustTransactionInput'; column does not allow nulls. INSERT fails.
Cannot insert the value NULL into column 'TransactionDate', table 'TrustManagement.TrustManagement.TrustTransactionInput'; column does not allow nulls. INSERT fails.
Cannot insert the value NULL into column 'StartDate', table 'TrustManagement.Asset.AssetPaymentImutation'; column does not allow nulls. INSERT fails.
The statement has been terminated.
The statement has been terminated.
The statement has been terminated.
The statement has been terminated.
The statement has been terminated.
The statement has been terminated.
The statement has been terminated.
The statement has been terminated.
The statement has been terminated.
   at BL.TaskProcessService.OperationProvider.RunSP(ITaskAction action)
   --- End of inner exception stack trace ---
   at BL.TaskEngine.TaskEngine.RunProcessesByTask()
   at TaskProcessEngine.TaskProcessService.RunTask(Guid sessionId, String applicationDomain) in e:\Dev\SFM\Products\TaskProcessEngine\TaskProcessEngine\TaskProcessService.svc.cs:line 63
