[2017-08-15 14:26:31,991] ERROR Securitisation.Utilities.Common.Log4NetLogService - Run task for bca2b62e-9703-4774-ab09-620340c315dd failed
System.Reflection.TargetInvocationException: Exception has been thrown by the target of an invocation. ---> System.ArgumentException: E:\TSSWCFServices\PoolCut\ConsumerLoan\Databases\CreateDatabase.xml has an exception: Windows NT user or group 'dev\gslocaladmin' not found. Check the name again.
User or role 'dev\gslocaladmin' does not exist in this database.
   at BL.TaskProcessService.OperationProvider.RunXmlQuery(ITaskAction action)
   --- End of inner exception stack trace ---
   at BL.TaskEngine.TaskEngine.RunProcessesByTask()
   at TaskProcessEngine.TaskProcessService.RunTask(Guid sessionId, String applicationDomain) in e:\Dev\SFM\Products\TaskProcessEngine\TaskProcessEngine\TaskProcessService.svc.cs:line 63
[2017-08-15 15:11:17,559] ERROR Securitisation.Utilities.Common.Log4NetLogService - Run task for 3e0a0cc5-4edf-4bad-8ae7-daa5f601e19d failed
System.Reflection.TargetInvocationException: Exception has been thrown by the target of an invocation. ---> System.ArgumentException: E:\TSSWCFServices\PoolCut\ConsumerLoan\Databases\CreateDatabase.xml has an exception: Windows NT user or group 'dev\gslocaladmin' not found. Check the name again.
User or role 'dev\gslocaladmin' does not exist in this database.
   at BL.TaskProcessService.OperationProvider.RunXmlQuery(ITaskAction action)
   --- End of inner exception stack trace ---
   at BL.TaskEngine.TaskEngine.RunProcessesByTask()
   at TaskProcessEngine.TaskProcessService.RunTask(Guid sessionId, String applicationDomain) in e:\Dev\SFM\Products\TaskProcessEngine\TaskProcessEngine\TaskProcessService.svc.cs:line 63
[2017-08-15 15:12:45,307] ERROR Securitisation.Utilities.Common.Log4NetLogService - Run task for d7302d68-3fbf-4bae-85df-123741abea12 failed
System.Reflection.TargetInvocationException: Exception has been thrown by the target of an invocation. ---> System.ArgumentException: E:\TSSWCFServices\PoolCut\ConsumerLoan\Databases\CreateDatabase.xml has an exception: Windows NT user or group 'dev\gslocaladmin' not found. Check the name again.
User or role 'dev\gslocaladmin' does not exist in this database.
   at BL.TaskProcessService.OperationProvider.RunXmlQuery(ITaskAction action)
   --- End of inner exception stack trace ---
   at BL.TaskEngine.TaskEngine.RunProcessesByTask()
   at TaskProcessEngine.TaskProcessService.RunTask(Guid sessionId, String applicationDomain) in e:\Dev\SFM\Products\TaskProcessEngine\TaskProcessEngine\TaskProcessService.svc.cs:line 63
