[2017-08-07 23:20:25,719] ERROR Securitisation.Utilities.Common.Log4NetLogService - Run task for 62072cc5-e2e7-41a9-89e2-edcfc9a859ab failed
System.Reflection.TargetInvocationException: Exception has been thrown by the target of an invocation. ---> System.ArgumentException: E:\TSSWCFServices\PoolCut\ConsumerLoan\Databases\CreateDatabase.xml has an exception: Windows NT user or group 'dev\gslocaladmin' not found. Check the name again.
User or role 'dev\gslocaladmin' does not exist in this database.
   at BL.TaskProcessService.OperationProvider.RunXmlQuery(ITaskAction action)
   --- End of inner exception stack trace ---
   at BL.TaskEngine.TaskEngine.RunProcessesByTask()
   at TaskProcessEngine.TaskProcessService.RunTask(Guid sessionId, String applicationDomain) in e:\Dev\SFM\Products\TaskProcessEngine\TaskProcessEngine\TaskProcessService.svc.cs:line 63
[2017-08-07 23:24:51,010] ERROR Securitisation.Utilities.Common.Log4NetLogService - Run task for d8a8adab-1a7c-44da-a2d2-4c54952a9f5d failed
System.Reflection.TargetInvocationException: Exception has been thrown by the target of an invocation. ---> System.Exception: Source=DataFlow Task; Error Code=-1071636471; Error Description=SSIS Error Code DTS_E_OLEDBERROR.  An OLE DB error has occurred. Error code: 0x80004005.
An OLE DB record is available.  Source: "Microsoft SQL Server Native Client 10.0"  Hresult: 0x80004005  Description: "The statement has been terminated.".
An OLE DB record is available.  Source: "Microsoft SQL Server Native Client 10.0"  Hresult: 0x80004005  Description: "Violation of PRIMARY KEY constraint 'PK_tblFactLoanCustomer'. Cannot insert duplicate key in object 'dbo.tblFactLoanCustomer'. The duplicate key value is (26238775, 24468390, 2, 2, 64, 20160701, 1).".

Source=DataFlow Task; Error Code=-1071607767; Error Description=SSIS Error Code DTS_E_INDUCEDTRANSFORMFAILUREONERROR.  The "Inserting the Working table.Inputs[OLE DB Destination Input]" failed because error code 0xC020907B occurred, and the error row disposition on "Inserting the Working table.Inputs[OLE DB Destination Input]" specifies failure on error. An error occurred on the specified object of the specified component.  There may be error messages posted before this with more information about the failure.

Source=DataFlow Task; Error Code=-1073450974; Error Description=SSIS Error Code DTS_E_PROCESSINPUTFAILED.  The ProcessInput method on component "Inserting the Working table" (33) failed with error code 0xC0209029 while processing input "OLE DB Destination Input" (46). The identified component returned an error from the ProcessInput method. The error is specific to the component, but the error is fatal and will cause the Data Flow task to stop running.  There may be error messages posted before this with more information about the failure.


   at BL.TaskProcessService.OperationProvider.RunSSIS(ITaskAction action)
   --- End of inner exception stack trace ---
   at BL.TaskEngine.TaskEngine.RunProcessesByTask()
   at TaskProcessEngine.TaskProcessService.RunTask(Guid sessionId, String applicationDomain) in e:\Dev\SFM\Products\TaskProcessEngine\TaskProcessEngine\TaskProcessService.svc.cs:line 63
[2017-08-07 23:38:06,117] ERROR Securitisation.Utilities.Common.Log4NetLogService - Run task for 29f10e5e-ac91-4e11-acc5-47c7b9bdb96e failed
System.Reflection.TargetInvocationException: Exception has been thrown by the target of an invocation. ---> System.Exception: Source=DataFlow Task; Error Code=-1071636471; Error Description=SSIS Error Code DTS_E_OLEDBERROR.  An OLE DB error has occurred. Error code: 0x80004005.
An OLE DB record is available.  Source: "Microsoft SQL Server Native Client 10.0"  Hresult: 0x80004005  Description: "The statement has been terminated.".
An OLE DB record is available.  Source: "Microsoft SQL Server Native Client 10.0"  Hresult: 0x80004005  Description: "Violation of PRIMARY KEY constraint 'PK_tblFactLoanCustomer'. Cannot insert duplicate key in object 'dbo.tblFactLoanCustomer'. The duplicate key value is (26238925, 24468364, 2, 2, 64, 20160701, 1).".

Source=DataFlow Task; Error Code=-1071607767; Error Description=SSIS Error Code DTS_E_INDUCEDTRANSFORMFAILUREONERROR.  The "Inserting the Working table.Inputs[OLE DB Destination Input]" failed because error code 0xC020907B occurred, and the error row disposition on "Inserting the Working table.Inputs[OLE DB Destination Input]" specifies failure on error. An error occurred on the specified object of the specified component.  There may be error messages posted before this with more information about the failure.

Source=DataFlow Task; Error Code=-1073450974; Error Description=SSIS Error Code DTS_E_PROCESSINPUTFAILED.  The ProcessInput method on component "Inserting the Working table" (33) failed with error code 0xC0209029 while processing input "OLE DB Destination Input" (46). The identified component returned an error from the ProcessInput method. The error is specific to the component, but the error is fatal and will cause the Data Flow task to stop running.  There may be error messages posted before this with more information about the failure.


   at BL.TaskProcessService.OperationProvider.RunSSIS(ITaskAction action)
   --- End of inner exception stack trace ---
   at BL.TaskEngine.TaskEngine.RunProcessesByTask()
   at TaskProcessEngine.TaskProcessService.RunTask(Guid sessionId, String applicationDomain) in e:\Dev\SFM\Products\TaskProcessEngine\TaskProcessEngine\TaskProcessService.svc.cs:line 63
