[2017-08-09 20:12:54,206] ERROR Securitisation.Utilities.Common.Log4NetLogService - Run task for 4c4f083a-f9a1-4f60-ae53-ef22aed77d20 failed
System.NullReferenceException: The Operation function Runstone is not defined in BL.TaskProcessService.IOperationProvider
   at BL.TaskEngine.TaskEngine.RunProcessesByTask()
   at TaskProcessEngine.TaskProcessService.RunTask(Guid sessionId, String applicationDomain) in e:\Dev\SFM\Products\TaskProcessEngine\TaskProcessEngine\TaskProcessService.svc.cs:line 63
[2017-08-09 20:15:56,852] ERROR Securitisation.Utilities.Common.Log4NetLogService - Run task for 0d3f4ef6-f485-4205-b029-1525db00ba47 failed
System.NullReferenceException: The Operation function Runstone is not defined in BL.TaskProcessService.IOperationProvider
   at BL.TaskEngine.TaskEngine.RunProcessesByTask()
   at TaskProcessEngine.TaskProcessService.RunTask(Guid sessionId, String applicationDomain) in e:\Dev\SFM\Products\TaskProcessEngine\TaskProcessEngine\TaskProcessService.svc.cs:line 63
[2017-08-09 20:16:24,871] ERROR Securitisation.Utilities.Common.Log4NetLogService - Run task for a92eaf70-c30c-4638-b406-6bf5b53fb62e failed
System.NullReferenceException: The Operation function Runstone is not defined in BL.TaskProcessService.IOperationProvider
   at BL.TaskEngine.TaskEngine.RunProcessesByTask()
   at TaskProcessEngine.TaskProcessService.RunTask(Guid sessionId, String applicationDomain) in e:\Dev\SFM\Products\TaskProcessEngine\TaskProcessEngine\TaskProcessService.svc.cs:line 63
[2017-08-09 20:17:04,314] ERROR Securitisation.Utilities.Common.Log4NetLogService - Run task for a92eaf70-c30c-4638-b406-6bf5b53fb62e failed
System.NullReferenceException: The Operation function Runstone is not defined in BL.TaskProcessService.IOperationProvider
   at BL.TaskEngine.TaskEngine.RunProcessesByTask()
   at TaskProcessEngine.TaskProcessService.RunTask(Guid sessionId, String applicationDomain) in e:\Dev\SFM\Products\TaskProcessEngine\TaskProcessEngine\TaskProcessService.svc.cs:line 63
[2017-08-09 20:17:44,783] ERROR Securitisation.Utilities.Common.Log4NetLogService - Run task for e7a41977-4f17-4997-b499-e2d5ad05c6fb failed
System.Reflection.TargetInvocationException: Exception has been thrown by the target of an invocation. ---> Microsoft.SqlServer.Dts.Runtime.DtsRuntimeException: Failed to open package file "?C:\Users\yiwushi\Desktop\Package1.dtsx" due to error 0x8007007B "The filename, directory name, or volume label syntax is incorrect.".  This occurs when loading a package and the file cannot be opened or loaded correctly into the XML document. This can be the result of specifying an incorrect file name when calling LoadPackage or the specified XML file has an incorrect format.
 ---> System.Runtime.InteropServices.COMException: Failed to open package file "?C:\Users\yiwushi\Desktop\Package1.dtsx" due to error 0x8007007B "The filename, directory name, or volume label syntax is incorrect.".  This occurs when loading a package and the file cannot be opened or loaded correctly into the XML document. This can be the result of specifying an incorrect file name when calling LoadPackage or the specified XML file has an incorrect format.

   at Microsoft.SqlServer.Dts.Runtime.Wrapper.ApplicationClass.LoadPackage(String FileName, Boolean loadNeutral, IDTSEvents100 pEvents)
   at Microsoft.SqlServer.Dts.Runtime.Application.LoadPackage(String fileName, IDTSEvents events, Boolean loadNeutral)
   --- End of inner exception stack trace ---
   at BL.TaskProcessService.OperationProvider.RunSSIS(ITaskAction action)
   --- End of inner exception stack trace ---
   at BL.TaskEngine.TaskEngine.RunProcessesByTask()
   at TaskProcessEngine.TaskProcessService.RunTask(Guid sessionId, String applicationDomain) in e:\Dev\SFM\Products\TaskProcessEngine\TaskProcessEngine\TaskProcessService.svc.cs:line 63
[2017-08-09 20:18:48,145] ERROR Securitisation.Utilities.Common.Log4NetLogService - Run task for a569cbf6-4775-4679-a729-2d8033f28b58 failed
System.Reflection.TargetInvocationException: Exception has been thrown by the target of an invocation. ---> Microsoft.SqlServer.Dts.Runtime.DtsRuntimeException: Failed to open package file "?C:\Users\yiwushi\Desktop\Package1.dtsx" due to error 0x8007007B "The filename, directory name, or volume label syntax is incorrect.".  This occurs when loading a package and the file cannot be opened or loaded correctly into the XML document. This can be the result of specifying an incorrect file name when calling LoadPackage or the specified XML file has an incorrect format.
 ---> System.Runtime.InteropServices.COMException: Failed to open package file "?C:\Users\yiwushi\Desktop\Package1.dtsx" due to error 0x8007007B "The filename, directory name, or volume label syntax is incorrect.".  This occurs when loading a package and the file cannot be opened or loaded correctly into the XML document. This can be the result of specifying an incorrect file name when calling LoadPackage or the specified XML file has an incorrect format.

   at Microsoft.SqlServer.Dts.Runtime.Wrapper.ApplicationClass.LoadPackage(String FileName, Boolean loadNeutral, IDTSEvents100 pEvents)
   at Microsoft.SqlServer.Dts.Runtime.Application.LoadPackage(String fileName, IDTSEvents events, Boolean loadNeutral)
   --- End of inner exception stack trace ---
   at BL.TaskProcessService.OperationProvider.RunSSIS(ITaskAction action)
   --- End of inner exception stack trace ---
   at BL.TaskEngine.TaskEngine.RunProcessesByTask()
   at TaskProcessEngine.TaskProcessService.RunTask(Guid sessionId, String applicationDomain) in e:\Dev\SFM\Products\TaskProcessEngine\TaskProcessEngine\TaskProcessService.svc.cs:line 63
[2017-08-09 20:20:14,588] ERROR Securitisation.Utilities.Common.Log4NetLogService - Run task for 2c2266be-5222-425f-ae7b-4554491d37f4 failed
System.Reflection.TargetInvocationException: Exception has been thrown by the target of an invocation. ---> Microsoft.SqlServer.Dts.Runtime.DtsRuntimeException: Failed to open package file "?C:\Users\yiwushi\Desktop\Package1.dtsx" due to error 0x8007007B "The filename, directory name, or volume label syntax is incorrect.".  This occurs when loading a package and the file cannot be opened or loaded correctly into the XML document. This can be the result of specifying an incorrect file name when calling LoadPackage or the specified XML file has an incorrect format.
 ---> System.Runtime.InteropServices.COMException: Failed to open package file "?C:\Users\yiwushi\Desktop\Package1.dtsx" due to error 0x8007007B "The filename, directory name, or volume label syntax is incorrect.".  This occurs when loading a package and the file cannot be opened or loaded correctly into the XML document. This can be the result of specifying an incorrect file name when calling LoadPackage or the specified XML file has an incorrect format.

   at Microsoft.SqlServer.Dts.Runtime.Wrapper.ApplicationClass.LoadPackage(String FileName, Boolean loadNeutral, IDTSEvents100 pEvents)
   at Microsoft.SqlServer.Dts.Runtime.Application.LoadPackage(String fileName, IDTSEvents events, Boolean loadNeutral)
   --- End of inner exception stack trace ---
   at BL.TaskProcessService.OperationProvider.RunSSIS(ITaskAction action)
   --- End of inner exception stack trace ---
   at BL.TaskEngine.TaskEngine.RunProcessesByTask()
   at TaskProcessEngine.TaskProcessService.RunTask(Guid sessionId, String applicationDomain) in e:\Dev\SFM\Products\TaskProcessEngine\TaskProcessEngine\TaskProcessService.svc.cs:line 63
