[2017-08-14 13:21:05,414] ERROR Securitisation.Utilities.Common.Log4NetLogService - Create session failed
System.IO.FileNotFoundException: Could not find file 'E:\TSSWCFServices\AppData\TaskProcessEngine\Task\'.
File name: 'E:\TSSWCFServices\AppData\TaskProcessEngine\Task\'
   at System.IO.__Error.WinIOError(Int32 errorCode, String maybeFullPath)
   at System.IO.FileStream.Init(String path, FileMode mode, FileAccess access, Int32 rights, Boolean useRights, FileShare share, Int32 bufferSize, FileOptions options, SECURITY_ATTRIBUTES secAttrs, String msgPath, Boolean bFromProxy, Boolean useLongPath, Boolean checkHost)
   at System.IO.FileStream..ctor(String path, FileMode mode, FileAccess access, FileShare share, Int32 bufferSize)
   at System.Xml.XmlDownloadManager.GetStream(Uri uri, ICredentials credentials, IWebProxy proxy, RequestCachePolicy cachePolicy)
   at System.Xml.XmlUrlResolver.GetEntity(Uri absoluteUri, String role, Type ofObjectToReturn)
   at System.Xml.XmlTextReaderImpl.FinishInitUriString()
   at System.Xml.XmlReaderSettings.CreateReader(String inputUri, XmlParserContext inputContext)
   at System.Xml.Linq.XElement.Load(String uri, LoadOptions options)
   at TaskProcessEngine.SessionManagementService.CreateSessionByTaskCode(String applicationDomain, String sessionVariable, String taskCode) in e:\Dev\SFM\Products\TaskProcessEngine\TaskProcessEngine\SessionManagementService.svc.cs:line 120
[2017-08-14 13:23:22,821] ERROR Securitisation.Utilities.Common.Log4NetLogService - Create session failed
System.IO.FileNotFoundException: Could not find file 'E:\TSSWCFServices\AppData\TaskProcessEngine\Task\'.
File name: 'E:\TSSWCFServices\AppData\TaskProcessEngine\Task\'
   at System.IO.__Error.WinIOError(Int32 errorCode, String maybeFullPath)
   at System.IO.FileStream.Init(String path, FileMode mode, FileAccess access, Int32 rights, Boolean useRights, FileShare share, Int32 bufferSize, FileOptions options, SECURITY_ATTRIBUTES secAttrs, String msgPath, Boolean bFromProxy, Boolean useLongPath, Boolean checkHost)
   at System.IO.FileStream..ctor(String path, FileMode mode, FileAccess access, FileShare share, Int32 bufferSize)
   at System.Xml.XmlDownloadManager.GetStream(Uri uri, ICredentials credentials, IWebProxy proxy, RequestCachePolicy cachePolicy)
   at System.Xml.XmlUrlResolver.GetEntity(Uri absoluteUri, String role, Type ofObjectToReturn)
   at System.Xml.XmlTextReaderImpl.FinishInitUriString()
   at System.Xml.XmlReaderSettings.CreateReader(String inputUri, XmlParserContext inputContext)
   at System.Xml.Linq.XElement.Load(String uri, LoadOptions options)
   at TaskProcessEngine.SessionManagementService.CreateSessionByTaskCode(String applicationDomain, String sessionVariable, String taskCode) in e:\Dev\SFM\Products\TaskProcessEngine\TaskProcessEngine\SessionManagementService.svc.cs:line 120
[2017-08-14 13:26:22,924] ERROR Securitisation.Utilities.Common.Log4NetLogService - Create session failed
System.IO.FileNotFoundException: Could not find file 'E:\TSSWCFServices\AppData\TaskProcessEngine\Task\'.
File name: 'E:\TSSWCFServices\AppData\TaskProcessEngine\Task\'
   at System.IO.__Error.WinIOError(Int32 errorCode, String maybeFullPath)
   at System.IO.FileStream.Init(String path, FileMode mode, FileAccess access, Int32 rights, Boolean useRights, FileShare share, Int32 bufferSize, FileOptions options, SECURITY_ATTRIBUTES secAttrs, String msgPath, Boolean bFromProxy, Boolean useLongPath, Boolean checkHost)
   at System.IO.FileStream..ctor(String path, FileMode mode, FileAccess access, FileShare share, Int32 bufferSize)
   at System.Xml.XmlDownloadManager.GetStream(Uri uri, ICredentials credentials, IWebProxy proxy, RequestCachePolicy cachePolicy)
   at System.Xml.XmlUrlResolver.GetEntity(Uri absoluteUri, String role, Type ofObjectToReturn)
   at System.Xml.XmlTextReaderImpl.FinishInitUriString()
   at System.Xml.XmlReaderSettings.CreateReader(String inputUri, XmlParserContext inputContext)
   at System.Xml.Linq.XElement.Load(String uri, LoadOptions options)
   at TaskProcessEngine.SessionManagementService.CreateSessionByTaskCode(String applicationDomain, String sessionVariable, String taskCode) in e:\Dev\SFM\Products\TaskProcessEngine\TaskProcessEngine\SessionManagementService.svc.cs:line 120
[2017-08-14 13:26:58,485] ERROR Securitisation.Utilities.Common.Log4NetLogService - Create session failed
System.IO.FileNotFoundException: Could not find file 'E:\TSSWCFServices\AppData\TaskProcessEngine\Task\'.
File name: 'E:\TSSWCFServices\AppData\TaskProcessEngine\Task\'
   at System.IO.__Error.WinIOError(Int32 errorCode, String maybeFullPath)
   at System.IO.FileStream.Init(String path, FileMode mode, FileAccess access, Int32 rights, Boolean useRights, FileShare share, Int32 bufferSize, FileOptions options, SECURITY_ATTRIBUTES secAttrs, String msgPath, Boolean bFromProxy, Boolean useLongPath, Boolean checkHost)
   at System.IO.FileStream..ctor(String path, FileMode mode, FileAccess access, FileShare share, Int32 bufferSize)
   at System.Xml.XmlDownloadManager.GetStream(Uri uri, ICredentials credentials, IWebProxy proxy, RequestCachePolicy cachePolicy)
   at System.Xml.XmlUrlResolver.GetEntity(Uri absoluteUri, String role, Type ofObjectToReturn)
   at System.Xml.XmlTextReaderImpl.FinishInitUriString()
   at System.Xml.XmlReaderSettings.CreateReader(String inputUri, XmlParserContext inputContext)
   at System.Xml.Linq.XElement.Load(String uri, LoadOptions options)
   at TaskProcessEngine.SessionManagementService.CreateSessionByTaskCode(String applicationDomain, String sessionVariable, String taskCode) in e:\Dev\SFM\Products\TaskProcessEngine\TaskProcessEngine\SessionManagementService.svc.cs:line 120
[2017-08-14 13:26:59,629] ERROR Securitisation.Utilities.Common.Log4NetLogService - Create session failed
System.IO.FileNotFoundException: Could not find file 'E:\TSSWCFServices\AppData\TaskProcessEngine\Task\'.
File name: 'E:\TSSWCFServices\AppData\TaskProcessEngine\Task\'
   at System.IO.__Error.WinIOError(Int32 errorCode, String maybeFullPath)
   at System.IO.FileStream.Init(String path, FileMode mode, FileAccess access, Int32 rights, Boolean useRights, FileShare share, Int32 bufferSize, FileOptions options, SECURITY_ATTRIBUTES secAttrs, String msgPath, Boolean bFromProxy, Boolean useLongPath, Boolean checkHost)
   at System.IO.FileStream..ctor(String path, FileMode mode, FileAccess access, FileShare share, Int32 bufferSize)
   at System.Xml.XmlDownloadManager.GetStream(Uri uri, ICredentials credentials, IWebProxy proxy, RequestCachePolicy cachePolicy)
   at System.Xml.XmlUrlResolver.GetEntity(Uri absoluteUri, String role, Type ofObjectToReturn)
   at System.Xml.XmlTextReaderImpl.FinishInitUriString()
   at System.Xml.XmlReaderSettings.CreateReader(String inputUri, XmlParserContext inputContext)
   at System.Xml.Linq.XElement.Load(String uri, LoadOptions options)
   at TaskProcessEngine.SessionManagementService.CreateSessionByTaskCode(String applicationDomain, String sessionVariable, String taskCode) in e:\Dev\SFM\Products\TaskProcessEngine\TaskProcessEngine\SessionManagementService.svc.cs:line 120
[2017-08-14 13:27:00,207] ERROR Securitisation.Utilities.Common.Log4NetLogService - Create session failed
System.IO.FileNotFoundException: Could not find file 'E:\TSSWCFServices\AppData\TaskProcessEngine\Task\'.
File name: 'E:\TSSWCFServices\AppData\TaskProcessEngine\Task\'
   at System.IO.__Error.WinIOError(Int32 errorCode, String maybeFullPath)
   at System.IO.FileStream.Init(String path, FileMode mode, FileAccess access, Int32 rights, Boolean useRights, FileShare share, Int32 bufferSize, FileOptions options, SECURITY_ATTRIBUTES secAttrs, String msgPath, Boolean bFromProxy, Boolean useLongPath, Boolean checkHost)
   at System.IO.FileStream..ctor(String path, FileMode mode, FileAccess access, FileShare share, Int32 bufferSize)
   at System.Xml.XmlDownloadManager.GetStream(Uri uri, ICredentials credentials, IWebProxy proxy, RequestCachePolicy cachePolicy)
   at System.Xml.XmlUrlResolver.GetEntity(Uri absoluteUri, String role, Type ofObjectToReturn)
   at System.Xml.XmlTextReaderImpl.FinishInitUriString()
   at System.Xml.XmlReaderSettings.CreateReader(String inputUri, XmlParserContext inputContext)
   at System.Xml.Linq.XElement.Load(String uri, LoadOptions options)
   at TaskProcessEngine.SessionManagementService.CreateSessionByTaskCode(String applicationDomain, String sessionVariable, String taskCode) in e:\Dev\SFM\Products\TaskProcessEngine\TaskProcessEngine\SessionManagementService.svc.cs:line 120
[2017-08-14 13:27:00,660] ERROR Securitisation.Utilities.Common.Log4NetLogService - Create session failed
System.IO.FileNotFoundException: Could not find file 'E:\TSSWCFServices\AppData\TaskProcessEngine\Task\'.
File name: 'E:\TSSWCFServices\AppData\TaskProcessEngine\Task\'
   at System.IO.__Error.WinIOError(Int32 errorCode, String maybeFullPath)
   at System.IO.FileStream.Init(String path, FileMode mode, FileAccess access, Int32 rights, Boolean useRights, FileShare share, Int32 bufferSize, FileOptions options, SECURITY_ATTRIBUTES secAttrs, String msgPath, Boolean bFromProxy, Boolean useLongPath, Boolean checkHost)
   at System.IO.FileStream..ctor(String path, FileMode mode, FileAccess access, FileShare share, Int32 bufferSize)
   at System.Xml.XmlDownloadManager.GetStream(Uri uri, ICredentials credentials, IWebProxy proxy, RequestCachePolicy cachePolicy)
   at System.Xml.XmlUrlResolver.GetEntity(Uri absoluteUri, String role, Type ofObjectToReturn)
   at System.Xml.XmlTextReaderImpl.FinishInitUriString()
   at System.Xml.XmlReaderSettings.CreateReader(String inputUri, XmlParserContext inputContext)
   at System.Xml.Linq.XElement.Load(String uri, LoadOptions options)
   at TaskProcessEngine.SessionManagementService.CreateSessionByTaskCode(String applicationDomain, String sessionVariable, String taskCode) in e:\Dev\SFM\Products\TaskProcessEngine\TaskProcessEngine\SessionManagementService.svc.cs:line 120
[2017-08-14 13:27:01,098] ERROR Securitisation.Utilities.Common.Log4NetLogService - Create session failed
System.IO.FileNotFoundException: Could not find file 'E:\TSSWCFServices\AppData\TaskProcessEngine\Task\'.
File name: 'E:\TSSWCFServices\AppData\TaskProcessEngine\Task\'
   at System.IO.__Error.WinIOError(Int32 errorCode, String maybeFullPath)
   at System.IO.FileStream.Init(String path, FileMode mode, FileAccess access, Int32 rights, Boolean useRights, FileShare share, Int32 bufferSize, FileOptions options, SECURITY_ATTRIBUTES secAttrs, String msgPath, Boolean bFromProxy, Boolean useLongPath, Boolean checkHost)
   at System.IO.FileStream..ctor(String path, FileMode mode, FileAccess access, FileShare share, Int32 bufferSize)
   at System.Xml.XmlDownloadManager.GetStream(Uri uri, ICredentials credentials, IWebProxy proxy, RequestCachePolicy cachePolicy)
   at System.Xml.XmlUrlResolver.GetEntity(Uri absoluteUri, String role, Type ofObjectToReturn)
   at System.Xml.XmlTextReaderImpl.FinishInitUriString()
   at System.Xml.XmlReaderSettings.CreateReader(String inputUri, XmlParserContext inputContext)
   at System.Xml.Linq.XElement.Load(String uri, LoadOptions options)
   at TaskProcessEngine.SessionManagementService.CreateSessionByTaskCode(String applicationDomain, String sessionVariable, String taskCode) in e:\Dev\SFM\Products\TaskProcessEngine\TaskProcessEngine\SessionManagementService.svc.cs:line 120
[2017-08-14 13:27:01,551] ERROR Securitisation.Utilities.Common.Log4NetLogService - Create session failed
System.IO.FileNotFoundException: Could not find file 'E:\TSSWCFServices\AppData\TaskProcessEngine\Task\'.
File name: 'E:\TSSWCFServices\AppData\TaskProcessEngine\Task\'
   at System.IO.__Error.WinIOError(Int32 errorCode, String maybeFullPath)
   at System.IO.FileStream.Init(String path, FileMode mode, FileAccess access, Int32 rights, Boolean useRights, FileShare share, Int32 bufferSize, FileOptions options, SECURITY_ATTRIBUTES secAttrs, String msgPath, Boolean bFromProxy, Boolean useLongPath, Boolean checkHost)
   at System.IO.FileStream..ctor(String path, FileMode mode, FileAccess access, FileShare share, Int32 bufferSize)
   at System.Xml.XmlDownloadManager.GetStream(Uri uri, ICredentials credentials, IWebProxy proxy, RequestCachePolicy cachePolicy)
   at System.Xml.XmlUrlResolver.GetEntity(Uri absoluteUri, String role, Type ofObjectToReturn)
   at System.Xml.XmlTextReaderImpl.FinishInitUriString()
   at System.Xml.XmlReaderSettings.CreateReader(String inputUri, XmlParserContext inputContext)
   at System.Xml.Linq.XElement.Load(String uri, LoadOptions options)
   at TaskProcessEngine.SessionManagementService.CreateSessionByTaskCode(String applicationDomain, String sessionVariable, String taskCode) in e:\Dev\SFM\Products\TaskProcessEngine\TaskProcessEngine\SessionManagementService.svc.cs:line 120
[2017-08-14 13:27:01,988] ERROR Securitisation.Utilities.Common.Log4NetLogService - Create session failed
System.IO.FileNotFoundException: Could not find file 'E:\TSSWCFServices\AppData\TaskProcessEngine\Task\'.
File name: 'E:\TSSWCFServices\AppData\TaskProcessEngine\Task\'
   at System.IO.__Error.WinIOError(Int32 errorCode, String maybeFullPath)
   at System.IO.FileStream.Init(String path, FileMode mode, FileAccess access, Int32 rights, Boolean useRights, FileShare share, Int32 bufferSize, FileOptions options, SECURITY_ATTRIBUTES secAttrs, String msgPath, Boolean bFromProxy, Boolean useLongPath, Boolean checkHost)
   at System.IO.FileStream..ctor(String path, FileMode mode, FileAccess access, FileShare share, Int32 bufferSize)
   at System.Xml.XmlDownloadManager.GetStream(Uri uri, ICredentials credentials, IWebProxy proxy, RequestCachePolicy cachePolicy)
   at System.Xml.XmlUrlResolver.GetEntity(Uri absoluteUri, String role, Type ofObjectToReturn)
   at System.Xml.XmlTextReaderImpl.FinishInitUriString()
   at System.Xml.XmlReaderSettings.CreateReader(String inputUri, XmlParserContext inputContext)
   at System.Xml.Linq.XElement.Load(String uri, LoadOptions options)
   at TaskProcessEngine.SessionManagementService.CreateSessionByTaskCode(String applicationDomain, String sessionVariable, String taskCode) in e:\Dev\SFM\Products\TaskProcessEngine\TaskProcessEngine\SessionManagementService.svc.cs:line 120
[2017-08-14 13:27:02,442] ERROR Securitisation.Utilities.Common.Log4NetLogService - Create session failed
System.IO.FileNotFoundException: Could not find file 'E:\TSSWCFServices\AppData\TaskProcessEngine\Task\'.
File name: 'E:\TSSWCFServices\AppData\TaskProcessEngine\Task\'
   at System.IO.__Error.WinIOError(Int32 errorCode, String maybeFullPath)
   at System.IO.FileStream.Init(String path, FileMode mode, FileAccess access, Int32 rights, Boolean useRights, FileShare share, Int32 bufferSize, FileOptions options, SECURITY_ATTRIBUTES secAttrs, String msgPath, Boolean bFromProxy, Boolean useLongPath, Boolean checkHost)
   at System.IO.FileStream..ctor(String path, FileMode mode, FileAccess access, FileShare share, Int32 bufferSize)
   at System.Xml.XmlDownloadManager.GetStream(Uri uri, ICredentials credentials, IWebProxy proxy, RequestCachePolicy cachePolicy)
   at System.Xml.XmlUrlResolver.GetEntity(Uri absoluteUri, String role, Type ofObjectToReturn)
   at System.Xml.XmlTextReaderImpl.FinishInitUriString()
   at System.Xml.XmlReaderSettings.CreateReader(String inputUri, XmlParserContext inputContext)
   at System.Xml.Linq.XElement.Load(String uri, LoadOptions options)
   at TaskProcessEngine.SessionManagementService.CreateSessionByTaskCode(String applicationDomain, String sessionVariable, String taskCode) in e:\Dev\SFM\Products\TaskProcessEngine\TaskProcessEngine\SessionManagementService.svc.cs:line 120
[2017-08-14 13:27:02,895] ERROR Securitisation.Utilities.Common.Log4NetLogService - Create session failed
System.IO.FileNotFoundException: Could not find file 'E:\TSSWCFServices\AppData\TaskProcessEngine\Task\'.
File name: 'E:\TSSWCFServices\AppData\TaskProcessEngine\Task\'
   at System.IO.__Error.WinIOError(Int32 errorCode, String maybeFullPath)
   at System.IO.FileStream.Init(String path, FileMode mode, FileAccess access, Int32 rights, Boolean useRights, FileShare share, Int32 bufferSize, FileOptions options, SECURITY_ATTRIBUTES secAttrs, String msgPath, Boolean bFromProxy, Boolean useLongPath, Boolean checkHost)
   at System.IO.FileStream..ctor(String path, FileMode mode, FileAccess access, FileShare share, Int32 bufferSize)
   at System.Xml.XmlDownloadManager.GetStream(Uri uri, ICredentials credentials, IWebProxy proxy, RequestCachePolicy cachePolicy)
   at System.Xml.XmlUrlResolver.GetEntity(Uri absoluteUri, String role, Type ofObjectToReturn)
   at System.Xml.XmlTextReaderImpl.FinishInitUriString()
   at System.Xml.XmlReaderSettings.CreateReader(String inputUri, XmlParserContext inputContext)
   at System.Xml.Linq.XElement.Load(String uri, LoadOptions options)
   at TaskProcessEngine.SessionManagementService.CreateSessionByTaskCode(String applicationDomain, String sessionVariable, String taskCode) in e:\Dev\SFM\Products\TaskProcessEngine\TaskProcessEngine\SessionManagementService.svc.cs:line 120
[2017-08-14 13:27:03,348] ERROR Securitisation.Utilities.Common.Log4NetLogService - Create session failed
System.IO.FileNotFoundException: Could not find file 'E:\TSSWCFServices\AppData\TaskProcessEngine\Task\'.
File name: 'E:\TSSWCFServices\AppData\TaskProcessEngine\Task\'
   at System.IO.__Error.WinIOError(Int32 errorCode, String maybeFullPath)
   at System.IO.FileStream.Init(String path, FileMode mode, FileAccess access, Int32 rights, Boolean useRights, FileShare share, Int32 bufferSize, FileOptions options, SECURITY_ATTRIBUTES secAttrs, String msgPath, Boolean bFromProxy, Boolean useLongPath, Boolean checkHost)
   at System.IO.FileStream..ctor(String path, FileMode mode, FileAccess access, FileShare share, Int32 bufferSize)
   at System.Xml.XmlDownloadManager.GetStream(Uri uri, ICredentials credentials, IWebProxy proxy, RequestCachePolicy cachePolicy)
   at System.Xml.XmlUrlResolver.GetEntity(Uri absoluteUri, String role, Type ofObjectToReturn)
   at System.Xml.XmlTextReaderImpl.FinishInitUriString()
   at System.Xml.XmlReaderSettings.CreateReader(String inputUri, XmlParserContext inputContext)
   at System.Xml.Linq.XElement.Load(String uri, LoadOptions options)
   at TaskProcessEngine.SessionManagementService.CreateSessionByTaskCode(String applicationDomain, String sessionVariable, String taskCode) in e:\Dev\SFM\Products\TaskProcessEngine\TaskProcessEngine\SessionManagementService.svc.cs:line 120
[2017-08-14 13:27:03,801] ERROR Securitisation.Utilities.Common.Log4NetLogService - Create session failed
System.IO.FileNotFoundException: Could not find file 'E:\TSSWCFServices\AppData\TaskProcessEngine\Task\'.
File name: 'E:\TSSWCFServices\AppData\TaskProcessEngine\Task\'
   at System.IO.__Error.WinIOError(Int32 errorCode, String maybeFullPath)
   at System.IO.FileStream.Init(String path, FileMode mode, FileAccess access, Int32 rights, Boolean useRights, FileShare share, Int32 bufferSize, FileOptions options, SECURITY_ATTRIBUTES secAttrs, String msgPath, Boolean bFromProxy, Boolean useLongPath, Boolean checkHost)
   at System.IO.FileStream..ctor(String path, FileMode mode, FileAccess access, FileShare share, Int32 bufferSize)
   at System.Xml.XmlDownloadManager.GetStream(Uri uri, ICredentials credentials, IWebProxy proxy, RequestCachePolicy cachePolicy)
   at System.Xml.XmlUrlResolver.GetEntity(Uri absoluteUri, String role, Type ofObjectToReturn)
   at System.Xml.XmlTextReaderImpl.FinishInitUriString()
   at System.Xml.XmlReaderSettings.CreateReader(String inputUri, XmlParserContext inputContext)
   at System.Xml.Linq.XElement.Load(String uri, LoadOptions options)
   at TaskProcessEngine.SessionManagementService.CreateSessionByTaskCode(String applicationDomain, String sessionVariable, String taskCode) in e:\Dev\SFM\Products\TaskProcessEngine\TaskProcessEngine\SessionManagementService.svc.cs:line 120
[2017-08-14 13:27:04,238] ERROR Securitisation.Utilities.Common.Log4NetLogService - Create session failed
System.IO.FileNotFoundException: Could not find file 'E:\TSSWCFServices\AppData\TaskProcessEngine\Task\'.
File name: 'E:\TSSWCFServices\AppData\TaskProcessEngine\Task\'
   at System.IO.__Error.WinIOError(Int32 errorCode, String maybeFullPath)
   at System.IO.FileStream.Init(String path, FileMode mode, FileAccess access, Int32 rights, Boolean useRights, FileShare share, Int32 bufferSize, FileOptions options, SECURITY_ATTRIBUTES secAttrs, String msgPath, Boolean bFromProxy, Boolean useLongPath, Boolean checkHost)
   at System.IO.FileStream..ctor(String path, FileMode mode, FileAccess access, FileShare share, Int32 bufferSize)
   at System.Xml.XmlDownloadManager.GetStream(Uri uri, ICredentials credentials, IWebProxy proxy, RequestCachePolicy cachePolicy)
   at System.Xml.XmlUrlResolver.GetEntity(Uri absoluteUri, String role, Type ofObjectToReturn)
   at System.Xml.XmlTextReaderImpl.FinishInitUriString()
   at System.Xml.XmlReaderSettings.CreateReader(String inputUri, XmlParserContext inputContext)
   at System.Xml.Linq.XElement.Load(String uri, LoadOptions options)
   at TaskProcessEngine.SessionManagementService.CreateSessionByTaskCode(String applicationDomain, String sessionVariable, String taskCode) in e:\Dev\SFM\Products\TaskProcessEngine\TaskProcessEngine\SessionManagementService.svc.cs:line 120
[2017-08-14 13:27:04,676] ERROR Securitisation.Utilities.Common.Log4NetLogService - Create session failed
System.IO.FileNotFoundException: Could not find file 'E:\TSSWCFServices\AppData\TaskProcessEngine\Task\'.
File name: 'E:\TSSWCFServices\AppData\TaskProcessEngine\Task\'
   at System.IO.__Error.WinIOError(Int32 errorCode, String maybeFullPath)
   at System.IO.FileStream.Init(String path, FileMode mode, FileAccess access, Int32 rights, Boolean useRights, FileShare share, Int32 bufferSize, FileOptions options, SECURITY_ATTRIBUTES secAttrs, String msgPath, Boolean bFromProxy, Boolean useLongPath, Boolean checkHost)
   at System.IO.FileStream..ctor(String path, FileMode mode, FileAccess access, FileShare share, Int32 bufferSize)
   at System.Xml.XmlDownloadManager.GetStream(Uri uri, ICredentials credentials, IWebProxy proxy, RequestCachePolicy cachePolicy)
   at System.Xml.XmlUrlResolver.GetEntity(Uri absoluteUri, String role, Type ofObjectToReturn)
   at System.Xml.XmlTextReaderImpl.FinishInitUriString()
   at System.Xml.XmlReaderSettings.CreateReader(String inputUri, XmlParserContext inputContext)
   at System.Xml.Linq.XElement.Load(String uri, LoadOptions options)
   at TaskProcessEngine.SessionManagementService.CreateSessionByTaskCode(String applicationDomain, String sessionVariable, String taskCode) in e:\Dev\SFM\Products\TaskProcessEngine\TaskProcessEngine\SessionManagementService.svc.cs:line 120
[2017-08-14 13:27:05,160] ERROR Securitisation.Utilities.Common.Log4NetLogService - Create session failed
System.IO.FileNotFoundException: Could not find file 'E:\TSSWCFServices\AppData\TaskProcessEngine\Task\'.
File name: 'E:\TSSWCFServices\AppData\TaskProcessEngine\Task\'
   at System.IO.__Error.WinIOError(Int32 errorCode, String maybeFullPath)
   at System.IO.FileStream.Init(String path, FileMode mode, FileAccess access, Int32 rights, Boolean useRights, FileShare share, Int32 bufferSize, FileOptions options, SECURITY_ATTRIBUTES secAttrs, String msgPath, Boolean bFromProxy, Boolean useLongPath, Boolean checkHost)
   at System.IO.FileStream..ctor(String path, FileMode mode, FileAccess access, FileShare share, Int32 bufferSize)
   at System.Xml.XmlDownloadManager.GetStream(Uri uri, ICredentials credentials, IWebProxy proxy, RequestCachePolicy cachePolicy)
   at System.Xml.XmlUrlResolver.GetEntity(Uri absoluteUri, String role, Type ofObjectToReturn)
   at System.Xml.XmlTextReaderImpl.FinishInitUriString()
   at System.Xml.XmlReaderSettings.CreateReader(String inputUri, XmlParserContext inputContext)
   at System.Xml.Linq.XElement.Load(String uri, LoadOptions options)
   at TaskProcessEngine.SessionManagementService.CreateSessionByTaskCode(String applicationDomain, String sessionVariable, String taskCode) in e:\Dev\SFM\Products\TaskProcessEngine\TaskProcessEngine\SessionManagementService.svc.cs:line 120
[2017-08-14 13:27:31,270] ERROR Securitisation.Utilities.Common.Log4NetLogService - Create session failed
System.IO.FileNotFoundException: Could not find file 'E:\TSSWCFServices\AppData\TaskProcessEngine\Task\'.
File name: 'E:\TSSWCFServices\AppData\TaskProcessEngine\Task\'
   at System.IO.__Error.WinIOError(Int32 errorCode, String maybeFullPath)
   at System.IO.FileStream.Init(String path, FileMode mode, FileAccess access, Int32 rights, Boolean useRights, FileShare share, Int32 bufferSize, FileOptions options, SECURITY_ATTRIBUTES secAttrs, String msgPath, Boolean bFromProxy, Boolean useLongPath, Boolean checkHost)
   at System.IO.FileStream..ctor(String path, FileMode mode, FileAccess access, FileShare share, Int32 bufferSize)
   at System.Xml.XmlDownloadManager.GetStream(Uri uri, ICredentials credentials, IWebProxy proxy, RequestCachePolicy cachePolicy)
   at System.Xml.XmlUrlResolver.GetEntity(Uri absoluteUri, String role, Type ofObjectToReturn)
   at System.Xml.XmlTextReaderImpl.FinishInitUriString()
   at System.Xml.XmlReaderSettings.CreateReader(String inputUri, XmlParserContext inputContext)
   at System.Xml.Linq.XElement.Load(String uri, LoadOptions options)
   at TaskProcessEngine.SessionManagementService.CreateSessionByTaskCode(String applicationDomain, String sessionVariable, String taskCode) in e:\Dev\SFM\Products\TaskProcessEngine\TaskProcessEngine\SessionManagementService.svc.cs:line 120
[2017-08-14 13:27:32,883] ERROR Securitisation.Utilities.Common.Log4NetLogService - Create session failed
System.IO.FileNotFoundException: Could not find file 'E:\TSSWCFServices\AppData\TaskProcessEngine\Task\'.
File name: 'E:\TSSWCFServices\AppData\TaskProcessEngine\Task\'
   at System.IO.__Error.WinIOError(Int32 errorCode, String maybeFullPath)
   at System.IO.FileStream.Init(String path, FileMode mode, FileAccess access, Int32 rights, Boolean useRights, FileShare share, Int32 bufferSize, FileOptions options, SECURITY_ATTRIBUTES secAttrs, String msgPath, Boolean bFromProxy, Boolean useLongPath, Boolean checkHost)
   at System.IO.FileStream..ctor(String path, FileMode mode, FileAccess access, FileShare share, Int32 bufferSize)
   at System.Xml.XmlDownloadManager.GetStream(Uri uri, ICredentials credentials, IWebProxy proxy, RequestCachePolicy cachePolicy)
   at System.Xml.XmlUrlResolver.GetEntity(Uri absoluteUri, String role, Type ofObjectToReturn)
   at System.Xml.XmlTextReaderImpl.FinishInitUriString()
   at System.Xml.XmlReaderSettings.CreateReader(String inputUri, XmlParserContext inputContext)
   at System.Xml.Linq.XElement.Load(String uri, LoadOptions options)
   at TaskProcessEngine.SessionManagementService.CreateSessionByTaskCode(String applicationDomain, String sessionVariable, String taskCode) in e:\Dev\SFM\Products\TaskProcessEngine\TaskProcessEngine\SessionManagementService.svc.cs:line 120
[2017-08-14 13:27:51,480] ERROR Securitisation.Utilities.Common.Log4NetLogService - Create session failed
System.IO.FileNotFoundException: Could not find file 'E:\TSSWCFServices\AppData\TaskProcessEngine\Task\'.
File name: 'E:\TSSWCFServices\AppData\TaskProcessEngine\Task\'
   at System.IO.__Error.WinIOError(Int32 errorCode, String maybeFullPath)
   at System.IO.FileStream.Init(String path, FileMode mode, FileAccess access, Int32 rights, Boolean useRights, FileShare share, Int32 bufferSize, FileOptions options, SECURITY_ATTRIBUTES secAttrs, String msgPath, Boolean bFromProxy, Boolean useLongPath, Boolean checkHost)
   at System.IO.FileStream..ctor(String path, FileMode mode, FileAccess access, FileShare share, Int32 bufferSize)
   at System.Xml.XmlDownloadManager.GetStream(Uri uri, ICredentials credentials, IWebProxy proxy, RequestCachePolicy cachePolicy)
   at System.Xml.XmlUrlResolver.GetEntity(Uri absoluteUri, String role, Type ofObjectToReturn)
   at System.Xml.XmlTextReaderImpl.FinishInitUriString()
   at System.Xml.XmlReaderSettings.CreateReader(String inputUri, XmlParserContext inputContext)
   at System.Xml.Linq.XElement.Load(String uri, LoadOptions options)
   at TaskProcessEngine.SessionManagementService.CreateSessionByTaskCode(String applicationDomain, String sessionVariable, String taskCode) in e:\Dev\SFM\Products\TaskProcessEngine\TaskProcessEngine\SessionManagementService.svc.cs:line 120
[2017-08-14 13:44:03,946] ERROR Securitisation.Utilities.Common.Log4NetLogService - Run task for e9867059-8bdf-4e79-9d43-53ca0b7fa89f failed
System.Reflection.TargetInvocationException: Exception has been thrown by the target of an invocation. ---> System.ArgumentException: Requested value 'int' was not found.
   at BL.TaskProcessService.OperationProvider.RunSP(ITaskAction action)
   --- End of inner exception stack trace ---
   at BL.TaskEngine.TaskEngine.RunProcessesByTask()
   at TaskProcessEngine.TaskProcessService.RunTask(Guid sessionId, String applicationDomain) in e:\Dev\SFM\Products\TaskProcessEngine\TaskProcessEngine\TaskProcessService.svc.cs:line 63
[2017-08-14 13:47:18,180] ERROR Securitisation.Utilities.Common.Log4NetLogService - Run task for 00e4e93d-e514-47e8-9e28-e50aa461f007 failed
System.Reflection.TargetInvocationException: Exception has been thrown by the target of an invocation. ---> System.ArgumentException: Requested value 'int' was not found.
   at BL.TaskProcessService.OperationProvider.RunSP(ITaskAction action)
   --- End of inner exception stack trace ---
   at BL.TaskEngine.TaskEngine.RunProcessesByTask()
   at TaskProcessEngine.TaskProcessService.RunTask(Guid sessionId, String applicationDomain) in e:\Dev\SFM\Products\TaskProcessEngine\TaskProcessEngine\TaskProcessService.svc.cs:line 63
[2017-08-14 13:48:25,103] ERROR Securitisation.Utilities.Common.Log4NetLogService - Run task for 3b8089b3-591c-4954-90b8-bccfdab8e4d3 failed
System.Reflection.TargetInvocationException: Exception has been thrown by the target of an invocation. ---> System.ArgumentException: Requested value 'int' was not found.
   at BL.TaskProcessService.OperationProvider.RunSP(ITaskAction action)
   --- End of inner exception stack trace ---
   at BL.TaskEngine.TaskEngine.RunProcessesByTask()
   at TaskProcessEngine.TaskProcessService.RunTask(Guid sessionId, String applicationDomain) in e:\Dev\SFM\Products\TaskProcessEngine\TaskProcessEngine\TaskProcessService.svc.cs:line 63
[2017-08-14 13:49:16,074] ERROR Securitisation.Utilities.Common.Log4NetLogService - Run task for 2597dc31-78ad-41b5-8a9b-be5a57e89284 failed
System.Reflection.TargetInvocationException: Exception has been thrown by the target of an invocation. ---> System.ArgumentException: Requested value 'int' was not found.
   at BL.TaskProcessService.OperationProvider.RunSP(ITaskAction action)
   --- End of inner exception stack trace ---
   at BL.TaskEngine.TaskEngine.RunProcessesByTask()
   at TaskProcessEngine.TaskProcessService.RunTask(Guid sessionId, String applicationDomain) in e:\Dev\SFM\Products\TaskProcessEngine\TaskProcessEngine\TaskProcessService.svc.cs:line 63
[2017-08-14 13:52:00,346] ERROR Securitisation.Utilities.Common.Log4NetLogService - Run task for 2597dc31-78ad-41b5-8a9b-be5a57e89284 failed
System.Reflection.TargetInvocationException: Exception has been thrown by the target of an invocation. ---> System.ArgumentException: Requested value 'int' was not found.
   at BL.TaskProcessService.OperationProvider.RunSP(ITaskAction action)
   --- End of inner exception stack trace ---
   at BL.TaskEngine.TaskEngine.RunProcessesByTask()
   at TaskProcessEngine.TaskProcessService.RunTask(Guid sessionId, String applicationDomain) in e:\Dev\SFM\Products\TaskProcessEngine\TaskProcessEngine\TaskProcessService.svc.cs:line 63
[2017-08-14 13:55:14,211] ERROR Securitisation.Utilities.Common.Log4NetLogService - Run task for 4912b3ea-075f-4682-a8d6-6f22247d71a7 failed
System.Reflection.TargetInvocationException: Exception has been thrown by the target of an invocation. ---> System.Data.SqlClient.SqlException: Procedure or function 'hello' expects parameter '@a', which was not supplied.
   at BL.TaskProcessService.OperationProvider.RunSP(ITaskAction action)
   --- End of inner exception stack trace ---
   at BL.TaskEngine.TaskEngine.RunProcessesByTask()
   at TaskProcessEngine.TaskProcessService.RunTask(Guid sessionId, String applicationDomain) in e:\Dev\SFM\Products\TaskProcessEngine\TaskProcessEngine\TaskProcessService.svc.cs:line 63
[2017-08-14 13:55:38,715] ERROR Securitisation.Utilities.Common.Log4NetLogService - Run task for f95ddb11-3e8d-4004-8a85-e1ee51d45085 failed
System.Reflection.TargetInvocationException: Exception has been thrown by the target of an invocation. ---> System.Data.SqlClient.SqlException: Procedure or function 'hello' expects parameter '@a', which was not supplied.
   at BL.TaskProcessService.OperationProvider.RunSP(ITaskAction action)
   --- End of inner exception stack trace ---
   at BL.TaskEngine.TaskEngine.RunProcessesByTask()
   at TaskProcessEngine.TaskProcessService.RunTask(Guid sessionId, String applicationDomain) in e:\Dev\SFM\Products\TaskProcessEngine\TaskProcessEngine\TaskProcessService.svc.cs:line 63
[2017-08-14 13:56:01,057] ERROR Securitisation.Utilities.Common.Log4NetLogService - Run task for cc5dfd9e-1ac6-41fe-b150-af1de8593cd2 failed
System.Reflection.TargetInvocationException: Exception has been thrown by the target of an invocation. ---> System.ArgumentException: Requested value 'int' was not found.
   at BL.TaskProcessService.OperationProvider.RunSP(ITaskAction action)
   --- End of inner exception stack trace ---
   at BL.TaskEngine.TaskEngine.RunProcessesByTask()
   at TaskProcessEngine.TaskProcessService.RunTask(Guid sessionId, String applicationDomain) in e:\Dev\SFM\Products\TaskProcessEngine\TaskProcessEngine\TaskProcessService.svc.cs:line 63
[2017-08-14 13:56:40,952] ERROR Securitisation.Utilities.Common.Log4NetLogService - Run task for 443614f8-9049-4411-ae59-cc43c41085a2 failed
System.Reflection.TargetInvocationException: Exception has been thrown by the target of an invocation. ---> System.ArgumentException: Requested value 'int' was not found.
   at BL.TaskProcessService.OperationProvider.RunSP(ITaskAction action)
   --- End of inner exception stack trace ---
   at BL.TaskEngine.TaskEngine.RunProcessesByTask()
   at TaskProcessEngine.TaskProcessService.RunTask(Guid sessionId, String applicationDomain) in e:\Dev\SFM\Products\TaskProcessEngine\TaskProcessEngine\TaskProcessService.svc.cs:line 63
