[2017-08-14 12:54:14,226] ERROR Securitisation.Utilities.Common.Log4NetLogService - Create session failed
System.IO.FileNotFoundException: Could not find file 'E:\TSSWCFServices\AppData\TaskProcessEngine\Task\'.
File name: 'E:\TSSWCFServices\AppData\TaskProcessEngine\Task\'
   at System.IO.__Error.WinIOError(Int32 errorCode, String maybeFullPath)
   at System.IO.FileStream.Init(String path, FileMode mode, FileAccess access, Int32 rights, Boolean useRights, FileShare share, Int32 bufferSize, FileOptions options, SECURITY_ATTRIBUTES secAttrs, String msgPath, Boolean bFromProxy, Boolean useLongPath, Boolean checkHost)
   at System.IO.FileStream..ctor(String path, FileMode mode, FileAccess access, FileShare share, Int32 bufferSize)
   at System.Xml.XmlDownloadManager.GetStream(Uri uri, ICredentials credentials, IWebProxy proxy, RequestCachePolicy cachePolicy)
   at System.Xml.XmlUrlResolver.GetEntity(Uri absoluteUri, String role, Type ofObjectToReturn)
   at System.Xml.XmlTextReaderImpl.FinishInitUriString()
   at System.Xml.XmlReaderSettings.CreateReader(String inputUri, XmlParserContext inputContext)
   at System.Xml.Linq.XElement.Load(String uri, LoadOptions options)
   at TaskProcessEngine.SessionManagementService.CreateSessionByTaskCode(String applicationDomain, String sessionVariable, String taskCode) in e:\Dev\SFM\Products\TaskProcessEngine\TaskProcessEngine\SessionManagementService.svc.cs:line 120
[2017-08-14 12:54:31,045] ERROR Securitisation.Utilities.Common.Log4NetLogService - Create session failed
System.IO.FileNotFoundException: Could not find file 'E:\TSSWCFServices\AppData\TaskProcessEngine\Task\'.
File name: 'E:\TSSWCFServices\AppData\TaskProcessEngine\Task\'
   at System.IO.__Error.WinIOError(Int32 errorCode, String maybeFullPath)
   at System.IO.FileStream.Init(String path, FileMode mode, FileAccess access, Int32 rights, Boolean useRights, FileShare share, Int32 bufferSize, FileOptions options, SECURITY_ATTRIBUTES secAttrs, String msgPath, Boolean bFromProxy, Boolean useLongPath, Boolean checkHost)
   at System.IO.FileStream..ctor(String path, FileMode mode, FileAccess access, FileShare share, Int32 bufferSize)
   at System.Xml.XmlDownloadManager.GetStream(Uri uri, ICredentials credentials, IWebProxy proxy, RequestCachePolicy cachePolicy)
   at System.Xml.XmlUrlResolver.GetEntity(Uri absoluteUri, String role, Type ofObjectToReturn)
   at System.Xml.XmlTextReaderImpl.FinishInitUriString()
   at System.Xml.XmlReaderSettings.CreateReader(String inputUri, XmlParserContext inputContext)
   at System.Xml.Linq.XElement.Load(String uri, LoadOptions options)
   at TaskProcessEngine.SessionManagementService.CreateSessionByTaskCode(String applicationDomain, String sessionVariable, String taskCode) in e:\Dev\SFM\Products\TaskProcessEngine\TaskProcessEngine\SessionManagementService.svc.cs:line 120
[2017-08-14 12:56:39,693] ERROR Securitisation.Utilities.Common.Log4NetLogService - Create session failed
System.IO.FileNotFoundException: Could not find file 'E:\TSSWCFServices\AppData\TaskProcessEngine\Task\'.
File name: 'E:\TSSWCFServices\AppData\TaskProcessEngine\Task\'
   at System.IO.__Error.WinIOError(Int32 errorCode, String maybeFullPath)
   at System.IO.FileStream.Init(String path, FileMode mode, FileAccess access, Int32 rights, Boolean useRights, FileShare share, Int32 bufferSize, FileOptions options, SECURITY_ATTRIBUTES secAttrs, String msgPath, Boolean bFromProxy, Boolean useLongPath, Boolean checkHost)
   at System.IO.FileStream..ctor(String path, FileMode mode, FileAccess access, FileShare share, Int32 bufferSize)
   at System.Xml.XmlDownloadManager.GetStream(Uri uri, ICredentials credentials, IWebProxy proxy, RequestCachePolicy cachePolicy)
   at System.Xml.XmlUrlResolver.GetEntity(Uri absoluteUri, String role, Type ofObjectToReturn)
   at System.Xml.XmlTextReaderImpl.FinishInitUriString()
   at System.Xml.XmlReaderSettings.CreateReader(String inputUri, XmlParserContext inputContext)
   at System.Xml.Linq.XElement.Load(String uri, LoadOptions options)
   at TaskProcessEngine.SessionManagementService.CreateSessionByTaskCode(String applicationDomain, String sessionVariable, String taskCode) in e:\Dev\SFM\Products\TaskProcessEngine\TaskProcessEngine\SessionManagementService.svc.cs:line 120
[2017-08-14 12:58:02,337] ERROR Securitisation.Utilities.Common.Log4NetLogService - Create session failed
System.IO.FileNotFoundException: Could not find file 'E:\TSSWCFServices\AppData\TaskProcessEngine\Task\'.
File name: 'E:\TSSWCFServices\AppData\TaskProcessEngine\Task\'
   at System.IO.__Error.WinIOError(Int32 errorCode, String maybeFullPath)
   at System.IO.FileStream.Init(String path, FileMode mode, FileAccess access, Int32 rights, Boolean useRights, FileShare share, Int32 bufferSize, FileOptions options, SECURITY_ATTRIBUTES secAttrs, String msgPath, Boolean bFromProxy, Boolean useLongPath, Boolean checkHost)
   at System.IO.FileStream..ctor(String path, FileMode mode, FileAccess access, FileShare share, Int32 bufferSize)
   at System.Xml.XmlDownloadManager.GetStream(Uri uri, ICredentials credentials, IWebProxy proxy, RequestCachePolicy cachePolicy)
   at System.Xml.XmlUrlResolver.GetEntity(Uri absoluteUri, String role, Type ofObjectToReturn)
   at System.Xml.XmlTextReaderImpl.FinishInitUriString()
   at System.Xml.XmlReaderSettings.CreateReader(String inputUri, XmlParserContext inputContext)
   at System.Xml.Linq.XElement.Load(String uri, LoadOptions options)
   at TaskProcessEngine.SessionManagementService.CreateSessionByTaskCode(String applicationDomain, String sessionVariable, String taskCode) in e:\Dev\SFM\Products\TaskProcessEngine\TaskProcessEngine\SessionManagementService.svc.cs:line 120
[2017-08-14 12:58:23,461] ERROR Securitisation.Utilities.Common.Log4NetLogService - Create session failed
System.IO.FileNotFoundException: Could not find file 'E:\TSSWCFServices\AppData\TaskProcessEngine\Task\'.
File name: 'E:\TSSWCFServices\AppData\TaskProcessEngine\Task\'
   at System.IO.__Error.WinIOError(Int32 errorCode, String maybeFullPath)
   at System.IO.FileStream.Init(String path, FileMode mode, FileAccess access, Int32 rights, Boolean useRights, FileShare share, Int32 bufferSize, FileOptions options, SECURITY_ATTRIBUTES secAttrs, String msgPath, Boolean bFromProxy, Boolean useLongPath, Boolean checkHost)
   at System.IO.FileStream..ctor(String path, FileMode mode, FileAccess access, FileShare share, Int32 bufferSize)
   at System.Xml.XmlDownloadManager.GetStream(Uri uri, ICredentials credentials, IWebProxy proxy, RequestCachePolicy cachePolicy)
   at System.Xml.XmlUrlResolver.GetEntity(Uri absoluteUri, String role, Type ofObjectToReturn)
   at System.Xml.XmlTextReaderImpl.FinishInitUriString()
   at System.Xml.XmlReaderSettings.CreateReader(String inputUri, XmlParserContext inputContext)
   at System.Xml.Linq.XElement.Load(String uri, LoadOptions options)
   at TaskProcessEngine.SessionManagementService.CreateSessionByTaskCode(String applicationDomain, String sessionVariable, String taskCode) in e:\Dev\SFM\Products\TaskProcessEngine\TaskProcessEngine\SessionManagementService.svc.cs:line 120
[2017-08-14 12:58:40,310] ERROR Securitisation.Utilities.Common.Log4NetLogService - Create session failed
System.IO.FileNotFoundException: Could not find file 'E:\TSSWCFServices\AppData\TaskProcessEngine\Task\'.
File name: 'E:\TSSWCFServices\AppData\TaskProcessEngine\Task\'
   at System.IO.__Error.WinIOError(Int32 errorCode, String maybeFullPath)
   at System.IO.FileStream.Init(String path, FileMode mode, FileAccess access, Int32 rights, Boolean useRights, FileShare share, Int32 bufferSize, FileOptions options, SECURITY_ATTRIBUTES secAttrs, String msgPath, Boolean bFromProxy, Boolean useLongPath, Boolean checkHost)
   at System.IO.FileStream..ctor(String path, FileMode mode, FileAccess access, FileShare share, Int32 bufferSize)
   at System.Xml.XmlDownloadManager.GetStream(Uri uri, ICredentials credentials, IWebProxy proxy, RequestCachePolicy cachePolicy)
   at System.Xml.XmlUrlResolver.GetEntity(Uri absoluteUri, String role, Type ofObjectToReturn)
   at System.Xml.XmlTextReaderImpl.FinishInitUriString()
   at System.Xml.XmlReaderSettings.CreateReader(String inputUri, XmlParserContext inputContext)
   at System.Xml.Linq.XElement.Load(String uri, LoadOptions options)
   at TaskProcessEngine.SessionManagementService.CreateSessionByTaskCode(String applicationDomain, String sessionVariable, String taskCode) in e:\Dev\SFM\Products\TaskProcessEngine\TaskProcessEngine\SessionManagementService.svc.cs:line 120
[2017-08-14 12:59:48,761] ERROR Securitisation.Utilities.Common.Log4NetLogService - Create session failed
System.IO.FileNotFoundException: Could not find file 'E:\TSSWCFServices\AppData\TaskProcessEngine\Task\'.
File name: 'E:\TSSWCFServices\AppData\TaskProcessEngine\Task\'
   at System.IO.__Error.WinIOError(Int32 errorCode, String maybeFullPath)
   at System.IO.FileStream.Init(String path, FileMode mode, FileAccess access, Int32 rights, Boolean useRights, FileShare share, Int32 bufferSize, FileOptions options, SECURITY_ATTRIBUTES secAttrs, String msgPath, Boolean bFromProxy, Boolean useLongPath, Boolean checkHost)
   at System.IO.FileStream..ctor(String path, FileMode mode, FileAccess access, FileShare share, Int32 bufferSize)
   at System.Xml.XmlDownloadManager.GetStream(Uri uri, ICredentials credentials, IWebProxy proxy, RequestCachePolicy cachePolicy)
   at System.Xml.XmlUrlResolver.GetEntity(Uri absoluteUri, String role, Type ofObjectToReturn)
   at System.Xml.XmlTextReaderImpl.FinishInitUriString()
   at System.Xml.XmlReaderSettings.CreateReader(String inputUri, XmlParserContext inputContext)
   at System.Xml.Linq.XElement.Load(String uri, LoadOptions options)
   at TaskProcessEngine.SessionManagementService.CreateSessionByTaskCode(String applicationDomain, String sessionVariable, String taskCode) in e:\Dev\SFM\Products\TaskProcessEngine\TaskProcessEngine\SessionManagementService.svc.cs:line 120
[2017-08-14 13:00:06,107] ERROR Securitisation.Utilities.Common.Log4NetLogService - Create session failed
System.IO.FileNotFoundException: Could not find file 'E:\TSSWCFServices\AppData\TaskProcessEngine\Task\'.
File name: 'E:\TSSWCFServices\AppData\TaskProcessEngine\Task\'
   at System.IO.__Error.WinIOError(Int32 errorCode, String maybeFullPath)
   at System.IO.FileStream.Init(String path, FileMode mode, FileAccess access, Int32 rights, Boolean useRights, FileShare share, Int32 bufferSize, FileOptions options, SECURITY_ATTRIBUTES secAttrs, String msgPath, Boolean bFromProxy, Boolean useLongPath, Boolean checkHost)
   at System.IO.FileStream..ctor(String path, FileMode mode, FileAccess access, FileShare share, Int32 bufferSize)
   at System.Xml.XmlDownloadManager.GetStream(Uri uri, ICredentials credentials, IWebProxy proxy, RequestCachePolicy cachePolicy)
   at System.Xml.XmlUrlResolver.GetEntity(Uri absoluteUri, String role, Type ofObjectToReturn)
   at System.Xml.XmlTextReaderImpl.FinishInitUriString()
   at System.Xml.XmlReaderSettings.CreateReader(String inputUri, XmlParserContext inputContext)
   at System.Xml.Linq.XElement.Load(String uri, LoadOptions options)
   at TaskProcessEngine.SessionManagementService.CreateSessionByTaskCode(String applicationDomain, String sessionVariable, String taskCode) in e:\Dev\SFM\Products\TaskProcessEngine\TaskProcessEngine\SessionManagementService.svc.cs:line 120
