[2017-08-14 10:07:58,841] ERROR Securitisation.Utilities.Common.Log4NetLogService - Create session failed
System.IO.FileNotFoundException: Could not find file 'E:\TSSWCFServices\AppData\TaskProcessEngine\Task\'.
File name: 'E:\TSSWCFServices\AppData\TaskProcessEngine\Task\'
   at System.IO.__Error.WinIOError(Int32 errorCode, String maybeFullPath)
   at System.IO.FileStream.Init(String path, FileMode mode, FileAccess access, Int32 rights, Boolean useRights, FileShare share, Int32 bufferSize, FileOptions options, SECURITY_ATTRIBUTES secAttrs, String msgPath, Boolean bFromProxy, Boolean useLongPath, Boolean checkHost)
   at System.IO.FileStream..ctor(String path, FileMode mode, FileAccess access, FileShare share, Int32 bufferSize)
   at System.Xml.XmlDownloadManager.GetStream(Uri uri, ICredentials credentials, IWebProxy proxy, RequestCachePolicy cachePolicy)
   at System.Xml.XmlUrlResolver.GetEntity(Uri absoluteUri, String role, Type ofObjectToReturn)
   at System.Xml.XmlTextReaderImpl.FinishInitUriString()
   at System.Xml.XmlReaderSettings.CreateReader(String inputUri, XmlParserContext inputContext)
   at System.Xml.Linq.XElement.Load(String uri, LoadOptions options)
   at TaskProcessEngine.SessionManagementService.CreateSessionByTaskCode(String applicationDomain, String sessionVariable, String taskCode) in e:\Dev\SFM\Products\TaskProcessEngine\TaskProcessEngine\SessionManagementService.svc.cs:line 120
[2017-08-14 10:08:12,779] ERROR Securitisation.Utilities.Common.Log4NetLogService - Create session failed
System.IO.FileNotFoundException: Could not find file 'E:\TSSWCFServices\AppData\TaskProcessEngine\Task\'.
File name: 'E:\TSSWCFServices\AppData\TaskProcessEngine\Task\'
   at System.IO.__Error.WinIOError(Int32 errorCode, String maybeFullPath)
   at System.IO.FileStream.Init(String path, FileMode mode, FileAccess access, Int32 rights, Boolean useRights, FileShare share, Int32 bufferSize, FileOptions options, SECURITY_ATTRIBUTES secAttrs, String msgPath, Boolean bFromProxy, Boolean useLongPath, Boolean checkHost)
   at System.IO.FileStream..ctor(String path, FileMode mode, FileAccess access, FileShare share, Int32 bufferSize)
   at System.Xml.XmlDownloadManager.GetStream(Uri uri, ICredentials credentials, IWebProxy proxy, RequestCachePolicy cachePolicy)
   at System.Xml.XmlUrlResolver.GetEntity(Uri absoluteUri, String role, Type ofObjectToReturn)
   at System.Xml.XmlTextReaderImpl.FinishInitUriString()
   at System.Xml.XmlReaderSettings.CreateReader(String inputUri, XmlParserContext inputContext)
   at System.Xml.Linq.XElement.Load(String uri, LoadOptions options)
   at TaskProcessEngine.SessionManagementService.CreateSessionByTaskCode(String applicationDomain, String sessionVariable, String taskCode) in e:\Dev\SFM\Products\TaskProcessEngine\TaskProcessEngine\SessionManagementService.svc.cs:line 120
[2017-08-14 10:08:28,716] ERROR Securitisation.Utilities.Common.Log4NetLogService - Create session failed
System.IO.FileNotFoundException: Could not find file 'E:\TSSWCFServices\AppData\TaskProcessEngine\Task\'.
File name: 'E:\TSSWCFServices\AppData\TaskProcessEngine\Task\'
   at System.IO.__Error.WinIOError(Int32 errorCode, String maybeFullPath)
   at System.IO.FileStream.Init(String path, FileMode mode, FileAccess access, Int32 rights, Boolean useRights, FileShare share, Int32 bufferSize, FileOptions options, SECURITY_ATTRIBUTES secAttrs, String msgPath, Boolean bFromProxy, Boolean useLongPath, Boolean checkHost)
   at System.IO.FileStream..ctor(String path, FileMode mode, FileAccess access, FileShare share, Int32 bufferSize)
   at System.Xml.XmlDownloadManager.GetStream(Uri uri, ICredentials credentials, IWebProxy proxy, RequestCachePolicy cachePolicy)
   at System.Xml.XmlUrlResolver.GetEntity(Uri absoluteUri, String role, Type ofObjectToReturn)
   at System.Xml.XmlTextReaderImpl.FinishInitUriString()
   at System.Xml.XmlReaderSettings.CreateReader(String inputUri, XmlParserContext inputContext)
   at System.Xml.Linq.XElement.Load(String uri, LoadOptions options)
   at TaskProcessEngine.SessionManagementService.CreateSessionByTaskCode(String applicationDomain, String sessionVariable, String taskCode) in e:\Dev\SFM\Products\TaskProcessEngine\TaskProcessEngine\SessionManagementService.svc.cs:line 120
[2017-08-14 10:09:01,647] ERROR Securitisation.Utilities.Common.Log4NetLogService - Create session failed
System.IO.FileNotFoundException: Could not find file 'E:\TSSWCFServices\AppData\TaskProcessEngine\Task\'.
File name: 'E:\TSSWCFServices\AppData\TaskProcessEngine\Task\'
   at System.IO.__Error.WinIOError(Int32 errorCode, String maybeFullPath)
   at System.IO.FileStream.Init(String path, FileMode mode, FileAccess access, Int32 rights, Boolean useRights, FileShare share, Int32 bufferSize, FileOptions options, SECURITY_ATTRIBUTES secAttrs, String msgPath, Boolean bFromProxy, Boolean useLongPath, Boolean checkHost)
   at System.IO.FileStream..ctor(String path, FileMode mode, FileAccess access, FileShare share, Int32 bufferSize)
   at System.Xml.XmlDownloadManager.GetStream(Uri uri, ICredentials credentials, IWebProxy proxy, RequestCachePolicy cachePolicy)
   at System.Xml.XmlUrlResolver.GetEntity(Uri absoluteUri, String role, Type ofObjectToReturn)
   at System.Xml.XmlTextReaderImpl.FinishInitUriString()
   at System.Xml.XmlReaderSettings.CreateReader(String inputUri, XmlParserContext inputContext)
   at System.Xml.Linq.XElement.Load(String uri, LoadOptions options)
   at TaskProcessEngine.SessionManagementService.CreateSessionByTaskCode(String applicationDomain, String sessionVariable, String taskCode) in e:\Dev\SFM\Products\TaskProcessEngine\TaskProcessEngine\SessionManagementService.svc.cs:line 120
[2017-08-14 10:10:08,268] ERROR Securitisation.Utilities.Common.Log4NetLogService - Create session failed
System.IO.FileNotFoundException: Could not find file 'E:\TSSWCFServices\AppData\TaskProcessEngine\Task\'.
File name: 'E:\TSSWCFServices\AppData\TaskProcessEngine\Task\'
   at System.IO.__Error.WinIOError(Int32 errorCode, String maybeFullPath)
   at System.IO.FileStream.Init(String path, FileMode mode, FileAccess access, Int32 rights, Boolean useRights, FileShare share, Int32 bufferSize, FileOptions options, SECURITY_ATTRIBUTES secAttrs, String msgPath, Boolean bFromProxy, Boolean useLongPath, Boolean checkHost)
   at System.IO.FileStream..ctor(String path, FileMode mode, FileAccess access, FileShare share, Int32 bufferSize)
   at System.Xml.XmlDownloadManager.GetStream(Uri uri, ICredentials credentials, IWebProxy proxy, RequestCachePolicy cachePolicy)
   at System.Xml.XmlUrlResolver.GetEntity(Uri absoluteUri, String role, Type ofObjectToReturn)
   at System.Xml.XmlTextReaderImpl.FinishInitUriString()
   at System.Xml.XmlReaderSettings.CreateReader(String inputUri, XmlParserContext inputContext)
   at System.Xml.Linq.XElement.Load(String uri, LoadOptions options)
   at TaskProcessEngine.SessionManagementService.CreateSessionByTaskCode(String applicationDomain, String sessionVariable, String taskCode) in e:\Dev\SFM\Products\TaskProcessEngine\TaskProcessEngine\SessionManagementService.svc.cs:line 120
[2017-08-14 10:10:31,310] ERROR Securitisation.Utilities.Common.Log4NetLogService - Create session failed
System.IO.FileNotFoundException: Could not find file 'E:\TSSWCFServices\AppData\TaskProcessEngine\Task\'.
File name: 'E:\TSSWCFServices\AppData\TaskProcessEngine\Task\'
   at System.IO.__Error.WinIOError(Int32 errorCode, String maybeFullPath)
   at System.IO.FileStream.Init(String path, FileMode mode, FileAccess access, Int32 rights, Boolean useRights, FileShare share, Int32 bufferSize, FileOptions options, SECURITY_ATTRIBUTES secAttrs, String msgPath, Boolean bFromProxy, Boolean useLongPath, Boolean checkHost)
   at System.IO.FileStream..ctor(String path, FileMode mode, FileAccess access, FileShare share, Int32 bufferSize)
   at System.Xml.XmlDownloadManager.GetStream(Uri uri, ICredentials credentials, IWebProxy proxy, RequestCachePolicy cachePolicy)
   at System.Xml.XmlUrlResolver.GetEntity(Uri absoluteUri, String role, Type ofObjectToReturn)
   at System.Xml.XmlTextReaderImpl.FinishInitUriString()
   at System.Xml.XmlReaderSettings.CreateReader(String inputUri, XmlParserContext inputContext)
   at System.Xml.Linq.XElement.Load(String uri, LoadOptions options)
   at TaskProcessEngine.SessionManagementService.CreateSessionByTaskCode(String applicationDomain, String sessionVariable, String taskCode) in e:\Dev\SFM\Products\TaskProcessEngine\TaskProcessEngine\SessionManagementService.svc.cs:line 120
[2017-08-14 10:24:53,173] ERROR Securitisation.Utilities.Common.Log4NetLogService - Run task for 4d49fa07-1fbe-487b-afb6-30c91e8973e5 failed
System.Reflection.TargetInvocationException: Exception has been thrown by the target of an invocation. ---> Microsoft.SqlServer.Dts.Runtime.DtsRuntimeException: Failed to open package file "E:\TSSWCFServices\TrustManagementService\ConsumerLoan\SSIS\transfer.dtsx" due to error 0x800C0006 "The system cannot locate the object specified.".  This occurs when loading a package and the file cannot be opened or loaded correctly into the XML document. This can be the result of specifying an incorrect file name when calling LoadPackage or the specified XML file has an incorrect format.
 ---> System.Runtime.InteropServices.COMException: Failed to open package file "E:\TSSWCFServices\TrustManagementService\ConsumerLoan\SSIS\transfer.dtsx" due to error 0x800C0006 "The system cannot locate the object specified.".  This occurs when loading a package and the file cannot be opened or loaded correctly into the XML document. This can be the result of specifying an incorrect file name when calling LoadPackage or the specified XML file has an incorrect format.

   at Microsoft.SqlServer.Dts.Runtime.Wrapper.ApplicationClass.LoadPackage(String FileName, Boolean loadNeutral, IDTSEvents100 pEvents)
   at Microsoft.SqlServer.Dts.Runtime.Application.LoadPackage(String fileName, IDTSEvents events, Boolean loadNeutral)
   --- End of inner exception stack trace ---
   at BL.TaskProcessService.OperationProvider.RunSSIS(ITaskAction action)
   --- End of inner exception stack trace ---
   at BL.TaskEngine.TaskEngine.RunProcessesByTask()
   at TaskProcessEngine.TaskProcessService.RunTask(Guid sessionId, String applicationDomain) in e:\Dev\SFM\Products\TaskProcessEngine\TaskProcessEngine\TaskProcessService.svc.cs:line 63
[2017-08-14 10:25:47,669] ERROR Securitisation.Utilities.Common.Log4NetLogService - Run task for 3651a759-538a-4a5c-aa31-aec8a85b128d failed
System.Reflection.TargetInvocationException: Exception has been thrown by the target of an invocation. ---> Microsoft.SqlServer.Dts.Runtime.DtsRuntimeException: Failed to open package file "E:\TSSWCFServices\TrustManagementService\ConsumerLoan\SSIS\transfer.dtsx" due to error 0x800C0006 "The system cannot locate the object specified.".  This occurs when loading a package and the file cannot be opened or loaded correctly into the XML document. This can be the result of specifying an incorrect file name when calling LoadPackage or the specified XML file has an incorrect format.
 ---> System.Runtime.InteropServices.COMException: Failed to open package file "E:\TSSWCFServices\TrustManagementService\ConsumerLoan\SSIS\transfer.dtsx" due to error 0x800C0006 "The system cannot locate the object specified.".  This occurs when loading a package and the file cannot be opened or loaded correctly into the XML document. This can be the result of specifying an incorrect file name when calling LoadPackage or the specified XML file has an incorrect format.

   at Microsoft.SqlServer.Dts.Runtime.Wrapper.ApplicationClass.LoadPackage(String FileName, Boolean loadNeutral, IDTSEvents100 pEvents)
   at Microsoft.SqlServer.Dts.Runtime.Application.LoadPackage(String fileName, IDTSEvents events, Boolean loadNeutral)
   --- End of inner exception stack trace ---
   at BL.TaskProcessService.OperationProvider.RunSSIS(ITaskAction action)
   --- End of inner exception stack trace ---
   at BL.TaskEngine.TaskEngine.RunProcessesByTask()
   at TaskProcessEngine.TaskProcessService.RunTask(Guid sessionId, String applicationDomain) in e:\Dev\SFM\Products\TaskProcessEngine\TaskProcessEngine\TaskProcessService.svc.cs:line 63
[2017-08-14 10:28:38,912] ERROR Securitisation.Utilities.Common.Log4NetLogService - Run task for bc10654b-56d9-466c-8d29-2b7ec13e98fe failed
System.Reflection.TargetInvocationException: Exception has been thrown by the target of an invocation. ---> Microsoft.SqlServer.Dts.Runtime.DtsRuntimeException: Failed to open package file "E:\TSSWCFServices\TrustManagementService\ConsumerLoan\SSIS\transfer.dtsx" due to error 0x800C0006 "The system cannot locate the object specified.".  This occurs when loading a package and the file cannot be opened or loaded correctly into the XML document. This can be the result of specifying an incorrect file name when calling LoadPackage or the specified XML file has an incorrect format.
 ---> System.Runtime.InteropServices.COMException: Failed to open package file "E:\TSSWCFServices\TrustManagementService\ConsumerLoan\SSIS\transfer.dtsx" due to error 0x800C0006 "The system cannot locate the object specified.".  This occurs when loading a package and the file cannot be opened or loaded correctly into the XML document. This can be the result of specifying an incorrect file name when calling LoadPackage or the specified XML file has an incorrect format.

   at Microsoft.SqlServer.Dts.Runtime.Wrapper.ApplicationClass.LoadPackage(String FileName, Boolean loadNeutral, IDTSEvents100 pEvents)
   at Microsoft.SqlServer.Dts.Runtime.Application.LoadPackage(String fileName, IDTSEvents events, Boolean loadNeutral)
   --- End of inner exception stack trace ---
   at BL.TaskProcessService.OperationProvider.RunSSIS(ITaskAction action)
   --- End of inner exception stack trace ---
   at BL.TaskEngine.TaskEngine.RunProcessesByTask()
   at TaskProcessEngine.TaskProcessService.RunTask(Guid sessionId, String applicationDomain) in e:\Dev\SFM\Products\TaskProcessEngine\TaskProcessEngine\TaskProcessService.svc.cs:line 63
[2017-08-14 10:41:16,275] ERROR Securitisation.Utilities.Common.Log4NetLogService - Create session failed
System.IO.FileNotFoundException: Could not find file 'E:\TSSWCFServices\AppData\TaskProcessEngine\Task\'.
File name: 'E:\TSSWCFServices\AppData\TaskProcessEngine\Task\'
   at System.IO.__Error.WinIOError(Int32 errorCode, String maybeFullPath)
   at System.IO.FileStream.Init(String path, FileMode mode, FileAccess access, Int32 rights, Boolean useRights, FileShare share, Int32 bufferSize, FileOptions options, SECURITY_ATTRIBUTES secAttrs, String msgPath, Boolean bFromProxy, Boolean useLongPath, Boolean checkHost)
   at System.IO.FileStream..ctor(String path, FileMode mode, FileAccess access, FileShare share, Int32 bufferSize)
   at System.Xml.XmlDownloadManager.GetStream(Uri uri, ICredentials credentials, IWebProxy proxy, RequestCachePolicy cachePolicy)
   at System.Xml.XmlUrlResolver.GetEntity(Uri absoluteUri, String role, Type ofObjectToReturn)
   at System.Xml.XmlTextReaderImpl.FinishInitUriString()
   at System.Xml.XmlReaderSettings.CreateReader(String inputUri, XmlParserContext inputContext)
   at System.Xml.Linq.XElement.Load(String uri, LoadOptions options)
   at TaskProcessEngine.SessionManagementService.CreateSessionByTaskCode(String applicationDomain, String sessionVariable, String taskCode) in e:\Dev\SFM\Products\TaskProcessEngine\TaskProcessEngine\SessionManagementService.svc.cs:line 120
