[2017-08-17 23:02:16,559] ERROR Securitisation.Utilities.Common.Log4NetLogService - Run task for a90966ad-18ed-46a3-94f9-d9edbad99826 failed
System.Reflection.TargetInvocationException: Exception has been thrown by the target of an invocation. ---> System.Reflection.TargetInvocationException: Exception has been thrown by the target of an invocation. ---> System.ArgumentException: Error when generating equation script: , xml=[
] ,Error: Root element is missing.
   at AddIn.CashflowScript.CashFlowScriptProviderCSharpPlus..ctor(Guid guidSessionId, String sConnectionString, String sApplicationDomain, String sXMLInput, Boolean isDebugFlag)
   at AddIn.CashflowScript.CashFlowScriptAddIn.CompileCashFlowEquationDebugPlus(String sSessionId, String sConnectionString, String sAppDomain, String sXMLInput, String sDLLFilePath, String sDLLFileName, String thirdPartyDllPath, Dictionary`2& sessionContext, Dictionary`2& sessionContextArray)
   --- End of inner exception stack trace ---
   at BL.TaskProcessService.CashFlowProvider.RunManagedMethodByPath(ITaskAction action)
   --- End of inner exception stack trace ---
   at BL.TaskEngine.TaskEngine.RunProcessesByTask()
   at TaskProcessEngine.CashflowService.RunTask(Guid sessionId, String applicationDomain) in e:\Dev\SFM\Products\TaskProcessEngine\TaskProcessEngine\CashflowService.svc.cs:line 64
[2017-08-17 23:03:49,241] ERROR Securitisation.Utilities.Common.Log4NetLogService - Run task for 7eac09f7-8237-4893-9409-ee98b4ad91bc failed
System.Reflection.TargetInvocationException: Exception has been thrown by the target of an invocation. ---> System.Reflection.TargetInvocationException: Exception has been thrown by the target of an invocation. ---> System.ArgumentNullException: Value cannot be null.
Parameter name: Can not find [DefaultCurve] from Session Context Array.
The given key was not present in the dictionary.
   at DADP.CashFlowStudioEntity.CashFlowInputProvider.InitSessionContextArrayFromMemory(String sSessionId, String sConnectionString, String sAppDomain, Dictionary`2& sessionContext, Dictionary`2& sessionContextArray)
   --- End of inner exception stack trace ---
   at BL.TaskProcessService.CashFlowProvider.RunManagedMethodByPath(ITaskAction action)
   --- End of inner exception stack trace ---
   at BL.TaskEngine.TaskEngine.RunProcessesByTask()
   at TaskProcessEngine.CashflowService.RunTask(Guid sessionId, String applicationDomain) in e:\Dev\SFM\Products\TaskProcessEngine\TaskProcessEngine\CashflowService.svc.cs:line 64
