[2017-08-09 21:50:14,786] ERROR Securitisation.Utilities.Common.Log4NetLogService - Run task for 76026c0a-844c-4868-a731-f8cc74c26e53 failed
System.Reflection.TargetInvocationException: Exception has been thrown by the target of an invocation. ---> Microsoft.SqlServer.Dts.Runtime.DtsRuntimeException: Failed to open package file "?C:\Users\yiwushi\Desktop\Package1.dtsx" due to error 0x8007007B "The filename, directory name, or volume label syntax is incorrect.".  This occurs when loading a package and the file cannot be opened or loaded correctly into the XML document. This can be the result of specifying an incorrect file name when calling LoadPackage or the specified XML file has an incorrect format.
 ---> System.Runtime.InteropServices.COMException: Failed to open package file "?C:\Users\yiwushi\Desktop\Package1.dtsx" due to error 0x8007007B "The filename, directory name, or volume label syntax is incorrect.".  This occurs when loading a package and the file cannot be opened or loaded correctly into the XML document. This can be the result of specifying an incorrect file name when calling LoadPackage or the specified XML file has an incorrect format.

   at Microsoft.SqlServer.Dts.Runtime.Wrapper.ApplicationClass.LoadPackage(String FileName, Boolean loadNeutral, IDTSEvents100 pEvents)
   at Microsoft.SqlServer.Dts.Runtime.Application.LoadPackage(String fileName, IDTSEvents events, Boolean loadNeutral)
   --- End of inner exception stack trace ---
   at BL.TaskProcessService.OperationProvider.RunSSIS(ITaskAction action)
   --- End of inner exception stack trace ---
   at BL.TaskEngine.TaskEngine.RunProcessesByTask()
   at TaskProcessEngine.TaskProcessService.RunTask(Guid sessionId, String applicationDomain) in e:\Dev\SFM\Products\TaskProcessEngine\TaskProcessEngine\TaskProcessService.svc.cs:line 63
[2017-08-09 21:51:25,476] ERROR Securitisation.Utilities.Common.Log4NetLogService - Run task for e304ca34-47c6-497d-b685-559bc285cae0 failed
System.Reflection.TargetInvocationException: Exception has been thrown by the target of an invocation. ---> Microsoft.SqlServer.Dts.Runtime.DtsRuntimeException: Failed to open package file "?C:\Users\yiwushi\Desktop\Package1.dtsx" due to error 0x8007007B "The filename, directory name, or volume label syntax is incorrect.".  This occurs when loading a package and the file cannot be opened or loaded correctly into the XML document. This can be the result of specifying an incorrect file name when calling LoadPackage or the specified XML file has an incorrect format.
 ---> System.Runtime.InteropServices.COMException: Failed to open package file "?C:\Users\yiwushi\Desktop\Package1.dtsx" due to error 0x8007007B "The filename, directory name, or volume label syntax is incorrect.".  This occurs when loading a package and the file cannot be opened or loaded correctly into the XML document. This can be the result of specifying an incorrect file name when calling LoadPackage or the specified XML file has an incorrect format.

   at Microsoft.SqlServer.Dts.Runtime.Wrapper.ApplicationClass.LoadPackage(String FileName, Boolean loadNeutral, IDTSEvents100 pEvents)
   at Microsoft.SqlServer.Dts.Runtime.Application.LoadPackage(String fileName, IDTSEvents events, Boolean loadNeutral)
   --- End of inner exception stack trace ---
   at BL.TaskProcessService.OperationProvider.RunSSIS(ITaskAction action)
   --- End of inner exception stack trace ---
   at BL.TaskEngine.TaskEngine.RunProcessesByTask()
   at TaskProcessEngine.TaskProcessService.RunTask(Guid sessionId, String applicationDomain) in e:\Dev\SFM\Products\TaskProcessEngine\TaskProcessEngine\TaskProcessService.svc.cs:line 63
[2017-08-09 22:18:36,275] ERROR Securitisation.Utilities.Common.Log4NetLogService - Run task for 5a2ec5f3-7f7d-41a9-b8a6-9f9ad4495047 failed
System.Reflection.TargetInvocationException: Exception has been thrown by the target of an invocation. ---> Microsoft.SqlServer.Dts.Runtime.DtsRuntimeException: Failed to open package file "?C:\Users\yiwushi\Desktop\Package1.dtsx" due to error 0x8007007B "The filename, directory name, or volume label syntax is incorrect.".  This occurs when loading a package and the file cannot be opened or loaded correctly into the XML document. This can be the result of specifying an incorrect file name when calling LoadPackage or the specified XML file has an incorrect format.
 ---> System.Runtime.InteropServices.COMException: Failed to open package file "?C:\Users\yiwushi\Desktop\Package1.dtsx" due to error 0x8007007B "The filename, directory name, or volume label syntax is incorrect.".  This occurs when loading a package and the file cannot be opened or loaded correctly into the XML document. This can be the result of specifying an incorrect file name when calling LoadPackage or the specified XML file has an incorrect format.

   at Microsoft.SqlServer.Dts.Runtime.Wrapper.ApplicationClass.LoadPackage(String FileName, Boolean loadNeutral, IDTSEvents100 pEvents)
   at Microsoft.SqlServer.Dts.Runtime.Application.LoadPackage(String fileName, IDTSEvents events, Boolean loadNeutral)
   --- End of inner exception stack trace ---
   at BL.TaskProcessService.OperationProvider.RunSSIS(ITaskAction action)
   --- End of inner exception stack trace ---
   at BL.TaskEngine.TaskEngine.RunProcessesByTask()
   at TaskProcessEngine.TaskProcessService.RunTask(Guid sessionId, String applicationDomain) in e:\Dev\SFM\Products\TaskProcessEngine\TaskProcessEngine\TaskProcessService.svc.cs:line 63
